[13:25:52.702] Global cache location '/home/xiuxiu/.cache/typescript/4.3', safe file path '/home/xiuxiu/.config/yarn/global/node_modules/typescript/lib/typingSafeList.json', types map path /home/xiuxiu/.config/yarn/global/node_modules/typescript/lib/typesMap.json
[13:25:52.703] Processing cache location '/home/xiuxiu/.cache/typescript/4.3'
[13:25:52.703] Trying to find '/home/xiuxiu/.cache/typescript/4.3/package.json'...
[13:25:52.709] Loaded content of '/home/xiuxiu/.cache/typescript/4.3/package.json': {"private":true,"dependencies":{"types-registry":"^0.1.554"},"devDependencies":{"@types/abbrev":"^1.1.1","@types/accepts":"^1.3.5","@types/ajv-errors":"^1.0.3","@types/ansi-styles":"^3.2.1","@types/anymatch":"^1.3.1","@types/argparse":"^2.0.5","@types/aria-query":"^4.2.1","@types/arr-diff":"^4.0.0","@types/arr-union":"^3.1.0","@types/array-unique":"^0.3.0","@types/array.prototype.flat":"^1.2.1","@types/array.prototype.flatmap":"^1.2.2","@types/asap":"^2.0.0","@types/asn1":"^0.2.0","@types/assert":"^1.5.4","@types/assert-plus":"^1.0.4","@types/async":"^3.2.6","@types/atob":"^2.1.2","@types/aws4":"^1.5.1","@types/babel-plugin-macros":"^2.8.4","@types/babel-plugin-syntax-jsx":"^6.18.0","@types/babylon":"^6.16.5","@types/backo2":"^1.0.1","@types/balanced-match":"^1.0.1","@types/base64-arraybuffer":"^0.1.0","@types/big.js":"^6.0.2","@types/bluebird":"^3.5.33","@types/bn.js":"^5.1.0","@types/body-parser":"^1.19.0","@types/bonjour":"^3.5.8","@types/boolbase":"^1.0.0","@types/brace-expansion":"^1.1.0","@types/braces":"^3.0.0","@types/brorand":"^1.0.30","@types/browser-or-node":"^1.3.0","@types/bser":"^2.0.0","@types/buffer-crc32":"^0.2.0","@types/buffer-equal":"^0.0.30","@types/buffer-from":"^1.1.0","@types/buffer-xor":"^2.0.0","@types/bytes":"^3.1.0","@types/cacache":"^15.0.0","@types/cacheable-request":"^6.0.1","@types/call-bind":"^1.0.0","@types/camelcase-css":"^2.0.0","@types/caniuse-api":"^3.0.1","@types/caniuse-lite":"^1.0.0","@types/case-sensitive-paths-webpack-plugin":"^2.1.5","@types/caseless":"^0.12.2","@types/check-types":"^7.3.1","@types/chownr":"^1.0.0","@types/cipher-base":"^1.0.0","@types/classnames":"^2.2.11","@types/clean-css":"^4.2.4","@types/co":"^4.6.2","@types/color":"^3.0.1","@types/color-convert":"^2.0.0","@types/color-name":"^1.1.1","@types/color-string":"^1.5.0","@types/combined-stream":"^1.0.2","@types/command-line-args":"^5.0.0","@types/command-line-usage":"^5.0.1","@types/common-tags":"^1.8.0","@types/commondir":"^1.0.0","@types/component-emitter":"^1.2.10","@types/compose-function":"^0.0.30","@types/compressible":"^2.0.0","@types/compression":"^1.7.0","@types/concat-map":"^0.0.0","@types/concat-stream":"^1.6.0","@types/concurrently":"^6.0.1","@types/configstore":"^5.0.0","@types/confusing-browser-globals":"^1.0.0","@types/connect-history-api-fallback":"^1.3.4","@types/contains-path":"^1.0.0","@types/content-disposition":"^0.5.3","@types/content-type":"^1.1.3","@types/convert-source-map":"^1.5.1","@types/cookie":"^0.4.0","@types/cookie-signature":"^1.0.3","@types/core-js":"^2.5.4","@types/create-hash":"^1.2.2","@types/create-hmac":"^1.1.0","@types/cross-spawn":"^6.0.2","@types/css":"^0.0.31","@types/css-declaration-sorter":"^5.1.0","@types/css-tree":"^1.0.5","@types/cssesc":"^3.0.0","@types/cssnano":"^4.0.0","@types/csso":"^3.5.1","@types/cssom":"^0.4.1","@types/cssstyle":"^2.2.1","@types/d":"^1.0.0","@types/damerau-levenshtein":"^1.0.0","@types/dashdash":"^1.14.0","@types/data-urls":"^2.0.1","@types/debug":"^4.1.5","@types/decode-uri-component":"^0.2.0","@types/dedent":"^0.7.0","@types/deep-equal":"^1.0.1","@types/deep-extend":"^0.4.31","@types/default-gateway":"^3.0.1","@types/define-properties":"^1.1.3","@types/defined":"^1.0.0","@types/depd":"^1.1.32","@types/destroy":"^1.0.0","@types/detect-node":"^2.0.0","@types/detective":"^5.1.1","@types/didyoumean":"^1.2.0","@types/diffie-hellman":"^5.0.0","@types/dir-glob":"^2.0.0","@types/dlv":"^1.1.2","@types/doctrine":"^0.0.3","@types/domexception":"^2.0.1","@types/domhandler":"^2.4.1","@types/domutils":"^1.7.3","@types/dot":"^1.1.4","@types/duplexer2":"^0.1.2","@types/duplexer3":"^0.1.0","@types/duplexify":"^3.6.0","@types/ee-first":"^1.1.0","@types/ejs":"^3.0.6","@types/elliptic":"^6.4.12","@types/encodeurl":"^1.0.0","@types/end-of-stream":"^1.4.0","@types/engine.io-client":"^3.1.4","@types/enhanced-resolve":"^3.0.6","@types/entities":"^1.1.1","@types/es-abstract":"^1.17.2","@types/es-to-primitive":"^1.2.4","@types/escape-html":"^1.0.0","@types/escodegen":"^0.0.6","@types/eslint":"^7.2.10","@types/eslint-scope":"^3.7.0","@types/eslint-visitor-keys":"^1.0.0","@types/esprima":"^4.0.2","@types/esquery":"^1.0.1","@types/estraverse":"^5.1.0","@types/etag":"^1.8.0","@types/events":"^3.0.0","@types/eventsource":"^1.1.5","@types/exit":"^0.1.31","@types/express":"^4.17.11","@types/extend":"^3.0.1","@types/extract-zip":"^1.6.2","@types/extsprintf":"^1.4.1","@types/falafel":"^2.1.0","@types/fast-levenshtein":"^0.0.1","@types/fast-text-encoding":"^1.0.1","@types/fb-watchman":"^2.0.0","@types/file-entry-cache":"^5.0.1","@types/file-loader":"^4.2.1","@types/finalhandler":"^1.1.0","@types/find-cache-dir":"^3.2.0","@types/find-replace":"^4.0.0","@types/find-root":"^1.1.2","@types/flat-cache":"^2.0.0","@types/flush-write-stream":"^1.0.0","@types/follow-redirects":"^1.13.0","@types/foreach":"^2.0.0","@types/forever-agent":"^0.6.0","@types/forwarded":"^0.1.0","@types/fresh":"^0.5.0","@types/from2":"^2.3.0","@types/fs-extra":"^9.0.11","@types/function-bind":"^1.1.6","@types/functional-red-black-tree":"^1.0.0","@types/get-caller-file":"^1.0.0","@types/get-intrinsic":"^1.0.0","@types/get-value":"^3.0.1","@types/getpass":"^0.1.0","@types/glob":"^7.1.3","@types/glob-base":"^0.3.0","@types/glob-parent":"^5.1.0","@types/glob-to-regexp":"^0.4.0","@types/global-agent":"^2.1.0","@types/global-modules":"^2.0.0","@types/global-prefix":"^3.0.0","@types/global-tunnel-ng":"^2.1.0","@types/globalthis":"^1.0.1","@types/got":"^9.6.11","@types/graceful-fs":"^4.1.5","@types/has":"^1.0.0","@types/has-symbols":"^1.0.0","@types/he":"^1.1.1","@types/hex-color-regex":"^1.1.0","@types/history":"^4.7.8","@types/hoist-non-react-statics":"^3.3.1","@types/hosted-git-info":"^3.0.1","@types/html-encoding-sniffer":"^2.0.1","@types/html-escaper":"^3.0.0","@types/html-minifier-terser":"^5.1.1","@types/htmlparser2":"^3.10.2","@types/http-cache-semantics":"^4.0.0","@types/http-errors":"^1.8.0","@types/http-proxy":"^1.17.5","@types/hyphenate-style-name":"^1.0.0","@types/icss-utils":"^4.1.0","@types/iferr":"^1.0.2","@types/imurmurhash":"^0.1.1","@types/inherits":"^0.0.30","@types/ini":"^1.3.30","@types/internal-slot":"^1.0.1","@types/invariant":"^2.2.34","@types/ip":"^1.1.0","@types/is-arguments":"^1.0.0","@types/is-buffer":"^2.0.0","@types/is-callable":"^1.1.0","@types/is-ci":"^3.0.0","@types/is-core-module":"^2.2.0","@types/is-date-object":"^1.0.1","@types/is-dotfile":"^2.0.0","@types/is-generator-function":"^1.0.1","@types/is-glob":"^4.0.1","@types/is-number":"^7.0.1","@types/is-regex":"^1.0.0","@types/is-typedarray":"^1.0.0","@types/is-url":"^1.2.28","@types/is-windows":"^1.0.0","@types/isarray":"^2.0.0","@types/isexe":"^2.0.0","@types/isomorphic-fetch":"^0.0.35","@types/isstream":"^0.1.0","@types/istanbul-lib-coverage":"^2.0.3","@types/istanbul-lib-instrument":"^1.7.4","@types/istanbul-lib-report":"^3.0.0","@types/istanbul-lib-source-maps":"^4.0.1","@types/istanbul-reports":"^3.0.0","@types/jake":"^0.0.32","@types/js-base64":"^3.0.0","@types/js-yaml":"^4.0.1","@types/jsbn":"^1.2.29","@types/jsdom":"^16.2.10","@types/jsesc":"^2.5.1","@types/json-buffer":"^3.0.0","@types/json-parse-better-errors":"^1.0.0","@types/json-schema":"^7.0.7","@types/json-stable-stringify":"^1.0.32","@types/json-stringify-safe":"^5.0.0","@types/json3":"^3.3.2","@types/jsonfile":"^6.0.0","@types/keyv":"^3.1.1","@types/kind-of":"^6.0.0","@types/language-tags":"^1.0.0","@types/line-column":"^1.0.0","@types/loader-runner":"^2.2.3","@types/loader-utils":"^2.0.2","@types/lodash":"^4.14.168","@types/lodash.memoize":"^4.1.6","@types/lodash.mergewith":"^4.6.6","@types/lodash.padend":"^4.6.6","@types/lodash.sortby":"^4.7.6","@types/lodash.template":"^4.5.0","@types/lodash.toarray":"^4.4.6","@types/lodash.topath":"^4.5.6","@types/lodash.uniq":"^4.5.6","@types/lru-cache":"^5.1.0","@types/lz-string":"^1.3.34","@types/media-typer":"^1.1.0","@types/memory-fs":"^0.3.3","@types/merge-descriptors":"^1.0.1","@types/merge-stream":"^1.1.2","@types/merge2":"^1.3.0","@types/methods":"^1.1.1","@types/micromatch":"^4.0.1","@types/mime":"^2.0.3","@types/mime-db":"^1.43.0","@types/mime-types":"^2.1.0","@types/min-document":"^2.19.0","@types/min-indent":"^1.0.0","@types/mini-css-extract-plugin":"^1.4.1","@types/minimalistic-assert":"^1.0.1","@types/minimatch":"^3.0.4","@types/minimist":"^1.2.1","@types/minipass":"^2.2.0","@types/minizlib":"^2.1.1","@types/mkdirp":"^1.0.1","@types/move-concurrently":"^1.0.2","@types/ms":"^0.7.31","@types/natural-compare":"^1.4.0","@types/negotiator":"^0.6.1","@types/next-tick":"^1.0.0","@types/nice-try":"^2.1.0","@types/node":"^14.14.41","@types/node-emoji":"^1.8.1","@types/node-fetch":"^2.5.10","@types/node-forge":"^0.9.7","@types/node-int64":"^0.4.29","@types/node-notifier":"^8.0.0","@types/nodemon":"^1.19.0","@types/nopt":"^3.0.29","@types/normalize-package-data":"^2.4.0","@types/normalize-path":"^3.0.0","@types/num2fraction":"^1.2.0","@types/number-is-nan":"^2.0.0","@types/nwsapi":"^2.2.1","@types/object-assign":"^4.0.30","@types/object-hash":"^2.1.0","@types/object-inspect":"^1.8.0","@types/object-keys":"^1.0.1","@types/object.fromentries":"^2.0.0","@types/object.getownpropertydescriptors":"^2.1.1","@types/object.pick":"^1.3.1","@types/on-finished":"^2.3.1","@types/on-headers":"^1.0.0","@types/once":"^1.4.0","@types/optimize-css-assets-webpack-plugin":"^5.0.3","@types/original":"^1.0.0","@types/pako":"^1.0.1","@types/parallel-transform":"^1.1.0","@types/parse-glob":"^3.0.29","@types/parse-json":"^4.0.0","@types/parse5":"^6.0.0","@types/parseurl":"^1.3.1","@types/pascalcase":"^1.0.0","@types/path-is-absolute":"^1.0.0","@types/path-is-inside":"^1.0.0","@types/path-parse":"^1.0.19","@types/pbkdf2":"^3.1.0","@types/picomatch":"^2.2.2","@types/pify":"^5.0.0","@types/platform":"^1.3.3","@types/pluralize":"^0.0.29","@types/postcss-calc":"^7.0.0","@types/postcss-custom-properties":"^9.1.0","@types/postcss-flexbugs-fixes":"^4.2.0","@types/postcss-focus-within":"^4.0.0","@types/postcss-gap-properties":"^2.0.0","@types/postcss-load-config":"^2.0.1","@types/postcss-modules-extract-imports":"^2.0.0","@types/postcss-modules-local-by-default":"^1.2.0","@types/postcss-modules-scope":"^1.1.0","@types/postcss-modules-values":"^3.0.0","@types/postcss-normalize":"^9.0.0","@types/postcss-preset-env":"^6.7.2","@types/postcss-safe-parser":"^4.0.0","@types/prelude-ls":"^1.1.29","@types/pretty-hrtime":"^1.0.0","@types/progress":"^2.0.3","@types/promise-inflight":"^1.0.0","@types/prompts":"^2.0.10","@types/prop-types":"^15.7.3","@types/proxy-addr":"^2.0.0","@types/psl":"^1.1.0","@types/pump":"^1.1.1","@types/pumpify":"^1.4.1","@types/punycode":"^2.1.0","@types/q":"^1.5.4","@types/qs":"^6.9.6","@types/querystringify":"^2.0.0","@types/raf":"^3.4.0","@types/randombytes":"^2.0.0","@types/range-parser":"^1.2.3","@types/rc":"^1.1.0","@types/react":"^17.0.4","@types/react-dev-utils":"^9.0.5","@types/react-dom":"^17.0.3","@types/react-is":"^17.0.0","@types/react-router":"^5.1.13","@types/react-router-dom":"^5.1.7","@types/react-transition-group":"^4.4.1","@types/readable-stream":"^2.3.9","@types/recursive-readdir":"^2.2.0","@types/regenerate":"^1.4.0","@types/regenerator-runtime":"^0.13.0","@types/registry-auth-token":"^4.2.0","@types/relateurl":"^0.2.28","@types/repeat-element":"^1.1.0","@types/repeat-string":"^1.6.0","@types/request":"^2.48.5","@types/request-promise-native":"^1.0.17","@types/require-directory":"^2.1.1","@types/require-from-string":"^1.2.0","@types/requires-port":"^1.0.0","@types/resolve":"^1.20.0","@types/responselike":"^1.0.0","@types/retry":"^0.12.0","@types/rimraf":"^3.0.0","@types/ripemd160":"^2.0.0","@types/roarr":"^2.14.2","@types/rsvp":"^4.0.3","@types/run-parallel":"^1.1.0","@types/safe-regex":"^1.1.2","@types/safer-buffer":"^2.1.0","@types/sane":"^2.0.0","@types/sass-loader":"^8.0.1","@types/sax":"^1.2.1","@types/scheduler":"^0.16.1","@types/semver":"^7.3.5","@types/semver-compare":"^1.0.1","@types/send":"^0.14.7","@types/serialize-javascript":"^5.0.0","@types/serve-index":"^1.7.30","@types/serve-static":"^1.13.9","@types/set-value":"^2.0.0","@types/setimmediate":"^1.0.2","@types/sha.js":"^2.4.0","@types/shebang-command":"^1.2.0","@types/shell-quote":"^1.7.0","@types/signal-exit":"^3.0.0","@types/slice-ansi":"^4.0.0","@types/sockjs":"^0.3.32","@types/sockjs-client":"^1.5.0","@types/source-list-map":"^0.1.2","@types/source-map-support":"^0.5.3","@types/spdx-correct":"^2.0.0","@types/spdx-expression-parse":"^3.0.0","@types/spdy":"^3.4.4","@types/sprintf":"^0.1.0","@types/sprintf-js":"^1.1.2","@types/sshpk":"^1.10.5","@types/ssri":"^7.1.0","@types/stack-utils":"^2.0.0","@types/static-eval":"^0.2.30","@types/statuses":"^2.0.0","@types/stream-chain":"^2.0.0","@types/stream-each":"^1.2.0","@types/stream-json":"^1.5.1","@types/stream-shift":"^1.0.0","@types/strict-uri-encode":"^2.0.0","@types/string-hash":"^1.1.1","@types/string-natural-compare":"^3.0.0","@types/string.prototype.matchall":"^4.0.0","@types/stringify-object":"^3.3.0","@types/strip-comments":"^2.0.0","@types/strip-final-newline":"^2.0.0","@types/styled-jsx":"^2.2.8","@types/stylis":"^4.0.0","@types/supports-color":"^8.1.0","@types/svg-parser":"^2.0.1","@types/svgo":"^2.3.0","@types/symbol-tree":"^3.2.1","@types/table":"^6.0.0","@types/tailwindcss":"^2.0.2","@types/tapable":"^2.2.2","@types/tar":"^4.0.4","@types/terser-webpack-plugin":"^5.0.3","@types/testing-library__jest-dom":"^5.9.5","@types/text-table":"^0.2.1","@types/through2":"^2.0.36","@types/timsort":"^0.3.0","@types/tinycolor2":"^1.4.2","@types/touch":"^3.1.1","@types/tough-cookie":"^4.0.0","@types/truncate-utf8-bytes":"^1.0.0","@types/tryer":"^1.0.1","@types/tunnel":"^0.0.2","@types/type-check":"^0.3.27","@types/type-detect":"^4.0.1","@types/type-is":"^1.6.3","@types/uniq":"^0.0.27","@types/universalify":"^1.0.0","@types/update-notifier":"^5.0.0","@types/urijs":"^1.19.15","@types/urix":"^0.1.0","@types/url-parse":"^1.4.3","@types/use-subscription":"^1.0.0","@types/util-deprecate":"^1.0.0","@types/util.promisify":"^1.0.4","@types/utils-merge":"^0.0.28","@types/uuid":"^8.3.0","@types/validate-npm-package-license":"^3.0.0","@types/vary":"^1.1.0","@types/verror":"^1.10.4","@types/w3c-hr-time":"^1.0.0","@types/w3c-xmlserializer":"^2.0.1","@types/wait-on":"^5.2.0","@types/warning":"^3.0.0","@types/watchpack":"^1.1.6","@types/webidl-conversions":"^6.1.0","@types/webpack":"^5.28.0","@types/webpack-dev-middleware":"^4.1.2","@types/webpack-dev-server":"^3.11.3","@types/webpack-manifest-plugin":"^3.0.4","@types/webpack-sources":"^2.1.0","@types/whatwg-encoding":"^1.0.0","@types/whatwg-mimetype":"^2.1.0","@types/whatwg-url":"^8.2.0","@types/which":"^2.0.0","@types/wordwrap":"^1.0.0","@types/workbox-build":"^5.0.0","@types/workbox-sw":"^4.3.1","@types/workbox-webpack-plugin":"^5.1.6","@types/wrap-ansi":"^3.0.0","@types/write-file-atomic":"^3.0.1","@types/ws":"^7.4.2","@types/xtend":"^4.0.3","@types/y18n":"^4.0.0","@types/yallist":"^3.0.1","@types/yargs":"^16.0.1","@types/yargs-parser":"^20.2.0","@types/yauzl":"^2.9.1","@types/yeast":"^0.1.1"}}
[13:25:52.709] Loaded content of '/home/xiuxiu/.cache/typescript/4.3/package-lock.json'
[13:25:52.719] Adding entry into typings cache: 'abbrev' => '/home/xiuxiu/.cache/typescript/4.3/node_modules/@types/abbrev/index.d.ts'
[13:25:52.722] Adding entry into typings cache: 'accepts' => '/home/xiuxiu/.cache/typescript/4.3/node_modules/@types/accepts/index.d.ts'
[13:25:52.725] Adding entry into typings cache: 'ajv-errors' => '/home/xiuxiu/.cache/typescript/4.3/node_modules/@types/ajv-errors/index.d.ts'
[13:25:52.728] Adding entry into typings cache: 'ansi-styles' => '/home/xiuxiu/.cache/typescript/4.3/node_modules/ansi-styles/index.d.ts'
[13:25:52.730] Adding entry into typings cache: 'anymatch' => '/home/xiuxiu/.cache/typescript/4.3/node_modules/@types/anymatch/index.d.ts'
[13:25:52.735] Adding entry into typings cache: 'argparse' => '/home/xiuxiu/.cache/typescript/4.3/node_modules/@types/argparse/index.d.ts'
[13:25:52.737] Adding entry into typings cache: 'aria-query' => '/home/xiuxiu/.cache/typescript/4.3/node_modules/@types/aria-query/index.d.ts'
[13:25:52.742] Adding entry into typings cache: 'arr-diff' => '/home/xiuxiu/.cache/typescript/4.3/node_modules/@types/arr-diff/index.d.ts'
[13:25:52.745] Adding entry into typings cache: 'arr-union' => '/home/xiuxiu/.cache/typescript/4.3/node_modules/@types/arr-union/index.d.ts'
[13:25:52.749] Adding entry into typings cache: 'array-unique' => '/home/xiuxiu/.cache/typescript/4.3/node_modules/@types/array-unique/index.d.ts'
[13:25:52.750] Adding entry into typings cache: 'array.prototype.flat' => '/home/xiuxiu/.cache/typescript/4.3/node_modules/@types/array.prototype.flat/index.d.ts'
[13:25:52.751] Adding entry into typings cache: 'array.prototype.flatmap' => '/home/xiuxiu/.cache/typescript/4.3/node_modules/@types/array.prototype.flatmap/index.d.ts'
[13:25:52.752] Adding entry into typings cache: 'asap' => '/home/xiuxiu/.cache/typescript/4.3/node_modules/@types/asap/index.d.ts'
[13:25:52.753] Adding entry into typings cache: 'asn1' => '/home/xiuxiu/.cache/typescript/4.3/node_modules/@types/asn1/index.d.ts'
[13:25:52.755] Adding entry into typings cache: 'assert' => '/home/xiuxiu/.cache/typescript/4.3/node_modules/@types/assert/index.d.ts'
[13:25:52.756] Adding entry into typings cache: 'assert-plus' => '/home/xiuxiu/.cache/typescript/4.3/node_modules/@types/assert-plus/index.d.ts'
[13:25:52.757] Adding entry into typings cache: 'async' => '/home/xiuxiu/.cache/typescript/4.3/node_modules/@types/async/index.d.ts'
[13:25:52.761] Adding entry into typings cache: 'atob' => '/home/xiuxiu/.cache/typescript/4.3/node_modules/@types/atob/index.d.ts'
[13:25:52.762] Adding entry into typings cache: 'aws4' => '/home/xiuxiu/.cache/typescript/4.3/node_modules/@types/aws4/index.d.ts'
[13:25:52.763] Adding entry into typings cache: 'babel-plugin-macros' => '/home/xiuxiu/.cache/typescript/4.3/node_modules/@types/babel-plugin-macros/index.d.ts'
[13:25:52.765] Adding entry into typings cache: 'babel-plugin-syntax-jsx' => '/home/xiuxiu/.cache/typescript/4.3/node_modules/@types/babel-plugin-syntax-jsx/index.d.ts'
[13:25:52.766] Adding entry into typings cache: 'babylon' => '/home/xiuxiu/.cache/typescript/4.3/node_modules/@types/babylon/index.d.ts'
[13:25:52.767] Adding entry into typings cache: 'backo2' => '/home/xiuxiu/.cache/typescript/4.3/node_modules/@types/backo2/index.d.ts'
[13:25:52.768] Adding entry into typings cache: 'balanced-match' => '/home/xiuxiu/.cache/typescript/4.3/node_modules/@types/balanced-match/index.d.ts'
[13:25:52.769] Adding entry into typings cache: 'base64-arraybuffer' => '/home/xiuxiu/.cache/typescript/4.3/node_modules/@types/base64-arraybuffer/index.d.ts'
[13:25:52.770] Adding entry into typings cache: 'big.js' => '/home/xiuxiu/.cache/typescript/4.3/node_modules/@types/big.js/index.d.ts'
[13:25:52.780] Adding entry into typings cache: 'bluebird' => '/home/xiuxiu/.cache/typescript/4.3/node_modules/@types/bluebird/index.d.ts'
[13:25:52.781] Adding entry into typings cache: 'bn.js' => '/home/xiuxiu/.cache/typescript/4.3/node_modules/@types/bn.js/index.d.ts'
[13:25:52.782] Adding entry into typings cache: 'body-parser' => '/home/xiuxiu/.cache/typescript/4.3/node_modules/@types/body-parser/index.d.ts'
[13:25:52.783] Adding entry into typings cache: 'bonjour' => '/home/xiuxiu/.cache/typescript/4.3/node_modules/@types/bonjour/index.d.ts'
[13:25:52.785] Adding entry into typings cache: 'boolbase' => '/home/xiuxiu/.cache/typescript/4.3/node_modules/@types/boolbase/index.d.ts'
[13:25:52.786] Adding entry into typings cache: 'brace-expansion' => '/home/xiuxiu/.cache/typescript/4.3/node_modules/@types/brace-expansion/index.d.ts'
[13:25:52.788] Adding entry into typings cache: 'braces' => '/home/xiuxiu/.cache/typescript/4.3/node_modules/@types/braces/index.d.ts'
[13:25:52.789] Adding entry into typings cache: 'brorand' => '/home/xiuxiu/.cache/typescript/4.3/node_modules/@types/brorand/index.d.ts'
[13:25:52.791] Adding entry into typings cache: 'browser-or-node' => '/home/xiuxiu/.cache/typescript/4.3/node_modules/@types/browser-or-node/index.d.ts'
[13:25:52.792] Adding entry into typings cache: 'bser' => '/home/xiuxiu/.cache/typescript/4.3/node_modules/@types/bser/index.d.ts'
[13:25:52.794] Adding entry into typings cache: 'buffer-crc32' => '/home/xiuxiu/.cache/typescript/4.3/node_modules/@types/buffer-crc32/index.d.ts'
[13:25:52.795] Adding entry into typings cache: 'buffer-equal' => '/home/xiuxiu/.cache/typescript/4.3/node_modules/@types/buffer-equal/index.d.ts'
[13:25:52.797] Adding entry into typings cache: 'buffer-from' => '/home/xiuxiu/.cache/typescript/4.3/node_modules/@types/buffer-from/index.d.ts'
[13:25:52.798] Adding entry into typings cache: 'buffer-xor' => '/home/xiuxiu/.cache/typescript/4.3/node_modules/@types/buffer-xor/index.d.ts'
[13:25:52.798] Adding entry into typings cache: 'bytes' => '/home/xiuxiu/.cache/typescript/4.3/node_modules/@types/bytes/index.d.ts'
[13:25:52.800] Adding entry into typings cache: 'cacache' => '/home/xiuxiu/.cache/typescript/4.3/node_modules/@types/cacache/index.d.ts'
[13:25:52.801] Adding entry into typings cache: 'cacheable-request' => '/home/xiuxiu/.cache/typescript/4.3/node_modules/@types/cacheable-request/index.d.ts'
[13:25:52.802] Adding entry into typings cache: 'call-bind' => '/home/xiuxiu/.cache/typescript/4.3/node_modules/@types/call-bind/index.d.ts'
[13:25:52.803] Adding entry into typings cache: 'camelcase-css' => '/home/xiuxiu/.cache/typescript/4.3/node_modules/@types/camelcase-css/index.d.ts'
[13:25:52.804] Adding entry into typings cache: 'caniuse-api' => '/home/xiuxiu/.cache/typescript/4.3/node_modules/@types/caniuse-api/index.d.ts'
[13:25:52.807] Adding entry into typings cache: 'caniuse-lite' => '/home/xiuxiu/.cache/typescript/4.3/node_modules/@types/caniuse-lite/index.d.ts'
[13:25:52.808] Adding entry into typings cache: 'case-sensitive-paths-webpack-plugin' => '/home/xiuxiu/.cache/typescript/4.3/node_modules/@types/case-sensitive-paths-webpack-plugin/index.d.ts'
[13:25:52.809] Adding entry into typings cache: 'caseless' => '/home/xiuxiu/.cache/typescript/4.3/node_modules/@types/caseless/index.d.ts'
[13:25:52.810] Adding entry into typings cache: 'check-types' => '/home/xiuxiu/.cache/typescript/4.3/node_modules/@types/check-types/index.d.ts'
[13:25:52.811] Adding entry into typings cache: 'chownr' => '/home/xiuxiu/.cache/typescript/4.3/node_modules/@types/chownr/index.d.ts'
[13:25:52.812] Adding entry into typings cache: 'cipher-base' => '/home/xiuxiu/.cache/typescript/4.3/node_modules/@types/cipher-base/index.d.ts'
[13:25:52.814] Adding entry into typings cache: 'classnames' => '/home/xiuxiu/.cache/typescript/4.3/node_modules/@types/classnames/index.d.ts'
[13:25:52.815] Adding entry into typings cache: 'clean-css' => '/home/xiuxiu/.cache/typescript/4.3/node_modules/@types/clean-css/index.d.ts'
[13:25:52.817] Adding entry into typings cache: 'co' => '/home/xiuxiu/.cache/typescript/4.3/node_modules/@types/co/index.d.ts'
[13:25:52.818] Adding entry into typings cache: 'color' => '/home/xiuxiu/.cache/typescript/4.3/node_modules/@types/color/index.d.ts'
[13:25:52.821] Adding entry into typings cache: 'color-convert' => '/home/xiuxiu/.cache/typescript/4.3/node_modules/@types/color-convert/index.d.ts'
[13:25:52.823] Adding entry into typings cache: 'color-name' => '/home/xiuxiu/.cache/typescript/4.3/node_modules/@types/color-name/index.d.ts'
[13:25:52.824] Adding entry into typings cache: 'color-string' => '/home/xiuxiu/.cache/typescript/4.3/node_modules/@types/color-string/index.d.ts'
[13:25:52.826] Adding entry into typings cache: 'combined-stream' => '/home/xiuxiu/.cache/typescript/4.3/node_modules/@types/combined-stream/index.d.ts'
[13:25:52.827] Adding entry into typings cache: 'command-line-args' => '/home/xiuxiu/.cache/typescript/4.3/node_modules/@types/command-line-args/index.d.ts'
[13:25:52.828] Adding entry into typings cache: 'command-line-usage' => '/home/xiuxiu/.cache/typescript/4.3/node_modules/@types/command-line-usage/index.d.ts'
[13:25:52.829] Adding entry into typings cache: 'common-tags' => '/home/xiuxiu/.cache/typescript/4.3/node_modules/@types/common-tags/index.d.ts'
[13:25:52.830] Adding entry into typings cache: 'commondir' => '/home/xiuxiu/.cache/typescript/4.3/node_modules/@types/commondir/index.d.ts'
[13:25:52.832] Adding entry into typings cache: 'component-emitter' => '/home/xiuxiu/.cache/typescript/4.3/node_modules/@types/component-emitter/index.d.ts'
[13:25:52.833] Adding entry into typings cache: 'compose-function' => '/home/xiuxiu/.cache/typescript/4.3/node_modules/@types/compose-function/index.d.ts'
[13:25:52.833] Adding entry into typings cache: 'compressible' => '/home/xiuxiu/.cache/typescript/4.3/node_modules/@types/compressible/index.d.ts'
[13:25:52.836] Adding entry into typings cache: 'compression' => '/home/xiuxiu/.cache/typescript/4.3/node_modules/@types/compression/index.d.ts'
[13:25:52.837] Adding entry into typings cache: 'concat-map' => '/home/xiuxiu/.cache/typescript/4.3/node_modules/@types/concat-map/index.d.ts'
[13:25:52.838] Adding entry into typings cache: 'concat-stream' => '/home/xiuxiu/.cache/typescript/4.3/node_modules/@types/concat-stream/index.d.ts'
[13:25:52.840] Adding entry into typings cache: 'concurrently' => '/home/xiuxiu/.cache/typescript/4.3/node_modules/@types/concurrently/index.d.ts'
[13:25:52.840] Adding entry into typings cache: 'configstore' => '/home/xiuxiu/.cache/typescript/4.3/node_modules/@types/configstore/index.d.ts'
[13:25:52.841] Adding entry into typings cache: 'confusing-browser-globals' => '/home/xiuxiu/.cache/typescript/4.3/node_modules/@types/confusing-browser-globals/index.d.ts'
[13:25:52.843] Adding entry into typings cache: 'connect-history-api-fallback' => '/home/xiuxiu/.cache/typescript/4.3/node_modules/@types/connect-history-api-fallback/index.d.ts'
[13:25:52.844] Adding entry into typings cache: 'contains-path' => '/home/xiuxiu/.cache/typescript/4.3/node_modules/@types/contains-path/index.d.ts'
[13:25:52.844] Adding entry into typings cache: 'content-disposition' => '/home/xiuxiu/.cache/typescript/4.3/node_modules/@types/content-disposition/index.d.ts'
[13:25:52.846] Adding entry into typings cache: 'content-type' => '/home/xiuxiu/.cache/typescript/4.3/node_modules/@types/content-type/index.d.ts'
[13:25:52.846] Adding entry into typings cache: 'convert-source-map' => '/home/xiuxiu/.cache/typescript/4.3/node_modules/@types/convert-source-map/index.d.ts'
[13:25:52.847] Adding entry into typings cache: 'cookie' => '/home/xiuxiu/.cache/typescript/4.3/node_modules/@types/cookie/index.d.ts'
[13:25:52.849] Adding entry into typings cache: 'cookie-signature' => '/home/xiuxiu/.cache/typescript/4.3/node_modules/@types/cookie-signature/index.d.ts'
[13:25:52.849] Adding entry into typings cache: 'core-js' => '/home/xiuxiu/.cache/typescript/4.3/node_modules/@types/core-js/index.d.ts'
[13:25:52.851] Adding entry into typings cache: 'create-hash' => '/home/xiuxiu/.cache/typescript/4.3/node_modules/@types/create-hash/index.d.ts'
[13:25:52.852] Adding entry into typings cache: 'create-hmac' => '/home/xiuxiu/.cache/typescript/4.3/node_modules/@types/create-hmac/index.d.ts'
[13:25:52.853] Adding entry into typings cache: 'cross-spawn' => '/home/xiuxiu/.cache/typescript/4.3/node_modules/@types/cross-spawn/index.d.ts'
[13:25:52.854] Adding entry into typings cache: 'css' => '/home/xiuxiu/.cache/typescript/4.3/node_modules/@types/css/index.d.ts'
[13:25:52.855] Adding entry into typings cache: 'css-declaration-sorter' => '/home/xiuxiu/.cache/typescript/4.3/node_modules/@types/css-declaration-sorter/index.d.ts'
[13:25:52.856] Adding entry into typings cache: 'css-tree' => '/home/xiuxiu/.cache/typescript/4.3/node_modules/@types/css-tree/index.d.ts'
[13:25:52.856] Adding entry into typings cache: 'cssesc' => '/home/xiuxiu/.cache/typescript/4.3/node_modules/@types/cssesc/index.d.ts'
[13:25:52.857] Adding entry into typings cache: 'cssnano' => '/home/xiuxiu/.cache/typescript/4.3/node_modules/@types/cssnano/index.d.ts'
[13:25:52.858] Adding entry into typings cache: 'csso' => '/home/xiuxiu/.cache/typescript/4.3/node_modules/@types/csso/index.d.ts'
[13:25:52.860] Adding entry into typings cache: 'cssom' => '/home/xiuxiu/.cache/typescript/4.3/node_modules/@types/cssom/index.d.ts'
[13:25:52.861] Adding entry into typings cache: 'cssstyle' => '/home/xiuxiu/.cache/typescript/4.3/node_modules/@types/cssstyle/index.d.ts'
[13:25:52.863] Adding entry into typings cache: 'd' => '/home/xiuxiu/.cache/typescript/4.3/node_modules/@types/d/index.d.ts'
[13:25:52.864] Adding entry into typings cache: 'damerau-levenshtein' => '/home/xiuxiu/.cache/typescript/4.3/node_modules/@types/damerau-levenshtein/index.d.ts'
[13:25:52.865] Adding entry into typings cache: 'dashdash' => '/home/xiuxiu/.cache/typescript/4.3/node_modules/@types/dashdash/index.d.ts'
[13:25:52.866] Adding entry into typings cache: 'data-urls' => '/home/xiuxiu/.cache/typescript/4.3/node_modules/@types/data-urls/index.d.ts'
[13:25:52.868] Adding entry into typings cache: 'debug' => '/home/xiuxiu/.cache/typescript/4.3/node_modules/@types/debug/index.d.ts'
[13:25:52.871] Adding entry into typings cache: 'decode-uri-component' => '/home/xiuxiu/.cache/typescript/4.3/node_modules/@types/decode-uri-component/index.d.ts'
[13:25:52.872] Adding entry into typings cache: 'dedent' => '/home/xiuxiu/.cache/typescript/4.3/node_modules/@types/dedent/index.d.ts'
[13:25:52.873] Adding entry into typings cache: 'deep-equal' => '/home/xiuxiu/.cache/typescript/4.3/node_modules/@types/deep-equal/index.d.ts'
[13:25:52.873] Adding entry into typings cache: 'deep-extend' => '/home/xiuxiu/.cache/typescript/4.3/node_modules/@types/deep-extend/index.d.ts'
[13:25:52.874] Adding entry into typings cache: 'default-gateway' => '/home/xiuxiu/.cache/typescript/4.3/node_modules/@types/default-gateway/index.d.ts'
[13:25:52.875] Adding entry into typings cache: 'define-properties' => '/home/xiuxiu/.cache/typescript/4.3/node_modules/@types/define-properties/index.d.ts'
[13:25:52.876] Adding entry into typings cache: 'defined' => '/home/xiuxiu/.cache/typescript/4.3/node_modules/@types/defined/index.d.ts'
[13:25:52.876] Adding entry into typings cache: 'depd' => '/home/xiuxiu/.cache/typescript/4.3/node_modules/@types/depd/index.d.ts'
[13:25:52.877] Adding entry into typings cache: 'destroy' => '/home/xiuxiu/.cache/typescript/4.3/node_modules/@types/destroy/index.d.ts'
[13:25:52.877] Adding entry into typings cache: 'detect-node' => '/home/xiuxiu/.cache/typescript/4.3/node_modules/@types/detect-node/index.d.ts'
[13:25:52.878] Adding entry into typings cache: 'detective' => '/home/xiuxiu/.cache/typescript/4.3/node_modules/@types/detective/index.d.ts'
[13:25:52.879] Adding entry into typings cache: 'didyoumean' => '/home/xiuxiu/.cache/typescript/4.3/node_modules/@types/didyoumean/index.d.ts'
[13:25:52.880] Adding entry into typings cache: 'diffie-hellman' => '/home/xiuxiu/.cache/typescript/4.3/node_modules/@types/diffie-hellman/index.d.ts'
[13:25:52.881] Adding entry into typings cache: 'dir-glob' => '/home/xiuxiu/.cache/typescript/4.3/node_modules/@types/dir-glob/index.d.ts'
[13:25:52.881] Adding entry into typings cache: 'dlv' => '/home/xiuxiu/.cache/typescript/4.3/node_modules/@types/dlv/index.d.ts'
[13:25:52.882] Adding entry into typings cache: 'doctrine' => '/home/xiuxiu/.cache/typescript/4.3/node_modules/@types/doctrine/index.d.ts'
[13:25:52.884] Adding entry into typings cache: 'domexception' => '/home/xiuxiu/.cache/typescript/4.3/node_modules/@types/domexception/index.d.ts'
[13:25:52.885] Adding entry into typings cache: 'domhandler' => '/home/xiuxiu/.cache/typescript/4.3/node_modules/@types/domhandler/index.d.ts'
[13:25:52.886] Adding entry into typings cache: 'domutils' => '/home/xiuxiu/.cache/typescript/4.3/node_modules/@types/domutils/index.d.ts'
[13:25:52.887] Adding entry into typings cache: 'dot' => '/home/xiuxiu/.cache/typescript/4.3/node_modules/@types/dot/index.d.ts'
[13:25:52.888] Adding entry into typings cache: 'duplexer2' => '/home/xiuxiu/.cache/typescript/4.3/node_modules/@types/duplexer2/index.d.ts'
[13:25:52.889] Adding entry into typings cache: 'duplexer3' => '/home/xiuxiu/.cache/typescript/4.3/node_modules/@types/duplexer3/index.d.ts'
[13:25:52.890] Adding entry into typings cache: 'duplexify' => '/home/xiuxiu/.cache/typescript/4.3/node_modules/@types/duplexify/index.d.ts'
[13:25:52.891] Adding entry into typings cache: 'ee-first' => '/home/xiuxiu/.cache/typescript/4.3/node_modules/@types/ee-first/index.d.ts'
[13:25:52.892] Adding entry into typings cache: 'ejs' => '/home/xiuxiu/.cache/typescript/4.3/node_modules/@types/ejs/index.d.ts'
[13:25:52.893] Adding entry into typings cache: 'elliptic' => '/home/xiuxiu/.cache/typescript/4.3/node_modules/@types/elliptic/index.d.ts'
[13:25:52.894] Adding entry into typings cache: 'encodeurl' => '/home/xiuxiu/.cache/typescript/4.3/node_modules/@types/encodeurl/index.d.ts'
[13:25:52.895] Adding entry into typings cache: 'end-of-stream' => '/home/xiuxiu/.cache/typescript/4.3/node_modules/@types/end-of-stream/index.d.ts'
[13:25:52.896] Adding entry into typings cache: 'engine.io-client' => '/home/xiuxiu/.cache/typescript/4.3/node_modules/@types/engine.io-client/index.d.ts'
[13:25:52.898] Adding entry into typings cache: 'enhanced-resolve' => '/home/xiuxiu/.cache/typescript/4.3/node_modules/enhanced-resolve/types.d.ts'
[13:25:52.899] Adding entry into typings cache: 'entities' => '/home/xiuxiu/.cache/typescript/4.3/node_modules/@types/entities/index.d.ts'
[13:25:52.901] Adding entry into typings cache: 'es-abstract' => '/home/xiuxiu/.cache/typescript/4.3/node_modules/@types/es-abstract/index.d.ts'
[13:25:52.901] Adding entry into typings cache: 'es-to-primitive' => '/home/xiuxiu/.cache/typescript/4.3/node_modules/@types/es-to-primitive/index.d.ts'
[13:25:52.902] Adding entry into typings cache: 'escape-html' => '/home/xiuxiu/.cache/typescript/4.3/node_modules/@types/escape-html/index.d.ts'
[13:25:52.903] Adding entry into typings cache: 'escodegen' => '/home/xiuxiu/.cache/typescript/4.3/node_modules/@types/escodegen/index.d.ts'
[13:25:52.904] Adding entry into typings cache: 'eslint' => '/home/xiuxiu/.cache/typescript/4.3/node_modules/@types/eslint/index.d.ts'
[13:25:52.907] Adding entry into typings cache: 'eslint-scope' => '/home/xiuxiu/.cache/typescript/4.3/node_modules/@types/eslint-scope/index.d.ts'
[13:25:52.907] Adding entry into typings cache: 'eslint-visitor-keys' => '/home/xiuxiu/.cache/typescript/4.3/node_modules/@types/eslint-visitor-keys/index.d.ts'
[13:25:52.908] Adding entry into typings cache: 'esprima' => '/home/xiuxiu/.cache/typescript/4.3/node_modules/@types/esprima/index.d.ts'
[13:25:52.909] Adding entry into typings cache: 'esquery' => '/home/xiuxiu/.cache/typescript/4.3/node_modules/@types/esquery/index.d.ts'
[13:25:52.910] Adding entry into typings cache: 'estraverse' => '/home/xiuxiu/.cache/typescript/4.3/node_modules/@types/estraverse/index.d.ts'
[13:25:52.911] Adding entry into typings cache: 'etag' => '/home/xiuxiu/.cache/typescript/4.3/node_modules/@types/etag/index.d.ts'
[13:25:52.913] Adding entry into typings cache: 'events' => '/home/xiuxiu/.cache/typescript/4.3/node_modules/@types/events/index.d.ts'
[13:25:52.914] Adding entry into typings cache: 'eventsource' => '/home/xiuxiu/.cache/typescript/4.3/node_modules/@types/eventsource/index.d.ts'
[13:25:52.915] Adding entry into typings cache: 'exit' => '/home/xiuxiu/.cache/typescript/4.3/node_modules/@types/exit/index.d.ts'
[13:25:52.916] Adding entry into typings cache: 'express' => '/home/xiuxiu/.cache/typescript/4.3/node_modules/@types/express/index.d.ts'
[13:25:52.916] Adding entry into typings cache: 'extend' => '/home/xiuxiu/.cache/typescript/4.3/node_modules/@types/extend/index.d.ts'
[13:25:52.917] Adding entry into typings cache: 'extract-zip' => '/home/xiuxiu/.cache/typescript/4.3/node_modules/@types/extract-zip/index.d.ts'
[13:25:52.918] Adding entry into typings cache: 'extsprintf' => '/home/xiuxiu/.cache/typescript/4.3/node_modules/@types/extsprintf/index.d.ts'
[13:25:52.918] Adding entry into typings cache: 'falafel' => '/home/xiuxiu/.cache/typescript/4.3/node_modules/@types/falafel/index.d.ts'
[13:25:52.920] Adding entry into typings cache: 'fast-levenshtein' => '/home/xiuxiu/.cache/typescript/4.3/node_modules/@types/fast-levenshtein/index.d.ts'
[13:25:52.921] Adding entry into typings cache: 'fast-text-encoding' => '/home/xiuxiu/.cache/typescript/4.3/node_modules/@types/fast-text-encoding/index.d.ts'
[13:25:52.922] Adding entry into typings cache: 'fb-watchman' => '/home/xiuxiu/.cache/typescript/4.3/node_modules/@types/fb-watchman/index.d.ts'
[13:25:52.922] Adding entry into typings cache: 'file-entry-cache' => '/home/xiuxiu/.cache/typescript/4.3/node_modules/@types/file-entry-cache/index.d.ts'
[13:25:52.923] Adding entry into typings cache: 'file-loader' => '/home/xiuxiu/.cache/typescript/4.3/node_modules/@types/file-loader/index.d.ts'
[13:25:52.924] Adding entry into typings cache: 'finalhandler' => '/home/xiuxiu/.cache/typescript/4.3/node_modules/@types/finalhandler/index.d.ts'
[13:25:52.924] Adding entry into typings cache: 'find-cache-dir' => '/home/xiuxiu/.cache/typescript/4.3/node_modules/@types/find-cache-dir/index.d.ts'
[13:25:52.925] Adding entry into typings cache: 'find-replace' => '/home/xiuxiu/.cache/typescript/4.3/node_modules/@types/find-replace/index.d.ts'
[13:25:52.925] Adding entry into typings cache: 'find-root' => '/home/xiuxiu/.cache/typescript/4.3/node_modules/@types/find-root/index.d.ts'
[13:25:52.926] Adding entry into typings cache: 'flat-cache' => '/home/xiuxiu/.cache/typescript/4.3/node_modules/@types/flat-cache/index.d.ts'
[13:25:52.927] Adding entry into typings cache: 'flush-write-stream' => '/home/xiuxiu/.cache/typescript/4.3/node_modules/@types/flush-write-stream/index.d.ts'
[13:25:52.928] Adding entry into typings cache: 'follow-redirects' => '/home/xiuxiu/.cache/typescript/4.3/node_modules/@types/follow-redirects/index.d.ts'
[13:25:52.929] Adding entry into typings cache: 'foreach' => '/home/xiuxiu/.cache/typescript/4.3/node_modules/@types/foreach/index.d.ts'
[13:25:52.930] Adding entry into typings cache: 'forever-agent' => '/home/xiuxiu/.cache/typescript/4.3/node_modules/@types/forever-agent/index.d.ts'
[13:25:52.930] Adding entry into typings cache: 'forwarded' => '/home/xiuxiu/.cache/typescript/4.3/node_modules/@types/forwarded/index.d.ts'
[13:25:52.931] Adding entry into typings cache: 'fresh' => '/home/xiuxiu/.cache/typescript/4.3/node_modules/@types/fresh/index.d.ts'
[13:25:52.931] Adding entry into typings cache: 'from2' => '/home/xiuxiu/.cache/typescript/4.3/node_modules/@types/from2/index.d.ts'
[13:25:52.933] Adding entry into typings cache: 'fs-extra' => '/home/xiuxiu/.cache/typescript/4.3/node_modules/@types/fs-extra/index.d.ts'
[13:25:52.933] Adding entry into typings cache: 'function-bind' => '/home/xiuxiu/.cache/typescript/4.3/node_modules/@types/function-bind/index.d.ts'
[13:25:52.934] Adding entry into typings cache: 'functional-red-black-tree' => '/home/xiuxiu/.cache/typescript/4.3/node_modules/@types/functional-red-black-tree/index.d.ts'
[13:25:52.935] Adding entry into typings cache: 'get-caller-file' => '/home/xiuxiu/.cache/typescript/4.3/node_modules/@types/get-caller-file/index.d.ts'
[13:25:52.936] Adding entry into typings cache: 'get-intrinsic' => '/home/xiuxiu/.cache/typescript/4.3/node_modules/@types/get-intrinsic/index.d.ts'
[13:25:52.937] Adding entry into typings cache: 'get-value' => '/home/xiuxiu/.cache/typescript/4.3/node_modules/@types/get-value/index.d.ts'
[13:25:52.938] Adding entry into typings cache: 'getpass' => '/home/xiuxiu/.cache/typescript/4.3/node_modules/@types/getpass/index.d.ts'
[13:25:52.939] Adding entry into typings cache: 'glob' => '/home/xiuxiu/.cache/typescript/4.3/node_modules/@types/glob/index.d.ts'
[13:25:52.939] Adding entry into typings cache: 'glob-base' => '/home/xiuxiu/.cache/typescript/4.3/node_modules/@types/glob-base/index.d.ts'
[13:25:52.941] Adding entry into typings cache: 'glob-parent' => '/home/xiuxiu/.cache/typescript/4.3/node_modules/@types/glob-parent/index.d.ts'
[13:25:52.943] Adding entry into typings cache: 'glob-to-regexp' => '/home/xiuxiu/.cache/typescript/4.3/node_modules/@types/glob-to-regexp/index.d.ts'
[13:25:52.944] Adding entry into typings cache: 'global-agent' => '/home/xiuxiu/.cache/typescript/4.3/node_modules/@types/global-agent/index.d.ts'
[13:25:52.944] Adding entry into typings cache: 'global-modules' => '/home/xiuxiu/.cache/typescript/4.3/node_modules/@types/global-modules/index.d.ts'
[13:25:52.945] Adding entry into typings cache: 'global-prefix' => '/home/xiuxiu/.cache/typescript/4.3/node_modules/@types/global-prefix/index.d.ts'
[13:25:52.946] Adding entry into typings cache: 'global-tunnel-ng' => '/home/xiuxiu/.cache/typescript/4.3/node_modules/@types/global-tunnel-ng/index.d.ts'
[13:25:52.947] Adding entry into typings cache: 'globalthis' => '/home/xiuxiu/.cache/typescript/4.3/node_modules/@types/globalthis/index.d.ts'
[13:25:52.948] Adding entry into typings cache: 'got' => '/home/xiuxiu/.cache/typescript/4.3/node_modules/@types/got/index.d.ts'
[13:25:52.951] Adding entry into typings cache: 'graceful-fs' => '/home/xiuxiu/.cache/typescript/4.3/node_modules/@types/graceful-fs/index.d.ts'
[13:25:52.953] Adding entry into typings cache: 'has' => '/home/xiuxiu/.cache/typescript/4.3/node_modules/@types/has/index.d.ts'
[13:25:52.954] Adding entry into typings cache: 'has-symbols' => '/home/xiuxiu/.cache/typescript/4.3/node_modules/@types/has-symbols/index.d.ts'
[13:25:52.954] Adding entry into typings cache: 'he' => '/home/xiuxiu/.cache/typescript/4.3/node_modules/@types/he/index.d.ts'
[13:25:52.955] Adding entry into typings cache: 'hex-color-regex' => '/home/xiuxiu/.cache/typescript/4.3/node_modules/@types/hex-color-regex/index.d.ts'
[13:25:52.955] Adding entry into typings cache: 'history' => '/home/xiuxiu/.cache/typescript/4.3/node_modules/@types/history/index.d.ts'
[13:25:52.957] Adding entry into typings cache: 'hoist-non-react-statics' => '/home/xiuxiu/.cache/typescript/4.3/node_modules/@types/hoist-non-react-statics/index.d.ts'
[13:25:52.958] Adding entry into typings cache: 'hosted-git-info' => '/home/xiuxiu/.cache/typescript/4.3/node_modules/@types/hosted-git-info/index.d.ts'
[13:25:52.959] Adding entry into typings cache: 'html-encoding-sniffer' => '/home/xiuxiu/.cache/typescript/4.3/node_modules/@types/html-encoding-sniffer/index.d.ts'
[13:25:52.960] Adding entry into typings cache: 'html-escaper' => '/home/xiuxiu/.cache/typescript/4.3/node_modules/@types/html-escaper/index.d.ts'
[13:25:52.961] Adding entry into typings cache: 'html-minifier-terser' => '/home/xiuxiu/.cache/typescript/4.3/node_modules/@types/html-minifier-terser/index.d.ts'
[13:25:52.961] Adding entry into typings cache: 'htmlparser2' => '/home/xiuxiu/.cache/typescript/4.3/node_modules/@types/htmlparser2/index.d.ts'
[13:25:52.963] Adding entry into typings cache: 'http-cache-semantics' => '/home/xiuxiu/.cache/typescript/4.3/node_modules/@types/http-cache-semantics/index.d.ts'
[13:25:52.963] Adding entry into typings cache: 'http-errors' => '/home/xiuxiu/.cache/typescript/4.3/node_modules/@types/http-errors/index.d.ts'
[13:25:52.967] Adding entry into typings cache: 'http-proxy' => '/home/xiuxiu/.cache/typescript/4.3/node_modules/@types/http-proxy/index.d.ts'
[13:25:52.968] Adding entry into typings cache: 'hyphenate-style-name' => '/home/xiuxiu/.cache/typescript/4.3/node_modules/@types/hyphenate-style-name/index.d.ts'
[13:25:52.969] Adding entry into typings cache: 'icss-utils' => '/home/xiuxiu/.cache/typescript/4.3/node_modules/@types/icss-utils/index.d.ts'
[13:25:52.970] Adding entry into typings cache: 'iferr' => '/home/xiuxiu/.cache/typescript/4.3/node_modules/@types/iferr/index.d.ts'
[13:25:52.970] Adding entry into typings cache: 'imurmurhash' => '/home/xiuxiu/.cache/typescript/4.3/node_modules/@types/imurmurhash/index.d.ts'
[13:25:52.971] Adding entry into typings cache: 'inherits' => '/home/xiuxiu/.cache/typescript/4.3/node_modules/@types/inherits/index.d.ts'
[13:25:52.972] Adding entry into typings cache: 'ini' => '/home/xiuxiu/.cache/typescript/4.3/node_modules/@types/ini/index.d.ts'
[13:25:52.973] Adding entry into typings cache: 'internal-slot' => '/home/xiuxiu/.cache/typescript/4.3/node_modules/@types/internal-slot/index.d.ts'
[13:25:52.973] Adding entry into typings cache: 'invariant' => '/home/xiuxiu/.cache/typescript/4.3/node_modules/@types/invariant/index.d.ts'
[13:25:52.974] Adding entry into typings cache: 'ip' => '/home/xiuxiu/.cache/typescript/4.3/node_modules/@types/ip/index.d.ts'
[13:25:52.974] Adding entry into typings cache: 'is-arguments' => '/home/xiuxiu/.cache/typescript/4.3/node_modules/@types/is-arguments/index.d.ts'
[13:25:52.975] Adding entry into typings cache: 'is-buffer' => '/home/xiuxiu/.cache/typescript/4.3/node_modules/@types/is-buffer/index.d.ts'
[13:25:52.977] Adding entry into typings cache: 'is-callable' => '/home/xiuxiu/.cache/typescript/4.3/node_modules/@types/is-callable/index.d.ts'
[13:25:52.978] Adding entry into typings cache: 'is-ci' => '/home/xiuxiu/.cache/typescript/4.3/node_modules/@types/is-ci/index.d.ts'
[13:25:52.978] Adding entry into typings cache: 'is-core-module' => '/home/xiuxiu/.cache/typescript/4.3/node_modules/@types/is-core-module/index.d.ts'
[13:25:52.979] Adding entry into typings cache: 'is-date-object' => '/home/xiuxiu/.cache/typescript/4.3/node_modules/@types/is-date-object/index.d.ts'
[13:25:52.979] Adding entry into typings cache: 'is-dotfile' => '/home/xiuxiu/.cache/typescript/4.3/node_modules/@types/is-dotfile/index.d.ts'
[13:25:52.981] Adding entry into typings cache: 'is-generator-function' => '/home/xiuxiu/.cache/typescript/4.3/node_modules/@types/is-generator-function/index.d.ts'
[13:25:52.982] Adding entry into typings cache: 'is-glob' => '/home/xiuxiu/.cache/typescript/4.3/node_modules/@types/is-glob/index.d.ts'
[13:25:52.984] Adding entry into typings cache: 'is-number' => '/home/xiuxiu/.cache/typescript/4.3/node_modules/@types/is-number/index.d.ts'
[13:25:52.984] Adding entry into typings cache: 'is-regex' => '/home/xiuxiu/.cache/typescript/4.3/node_modules/@types/is-regex/index.d.ts'
[13:25:52.985] Adding entry into typings cache: 'is-typedarray' => '/home/xiuxiu/.cache/typescript/4.3/node_modules/@types/is-typedarray/index.d.ts'
[13:25:52.985] Adding entry into typings cache: 'is-url' => '/home/xiuxiu/.cache/typescript/4.3/node_modules/@types/is-url/index.d.ts'
[13:25:52.986] Adding entry into typings cache: 'is-windows' => '/home/xiuxiu/.cache/typescript/4.3/node_modules/@types/is-windows/index.d.ts'
[13:25:52.987] Adding entry into typings cache: 'isarray' => '/home/xiuxiu/.cache/typescript/4.3/node_modules/@types/isarray/index.d.ts'
[13:25:52.988] Adding entry into typings cache: 'isexe' => '/home/xiuxiu/.cache/typescript/4.3/node_modules/@types/isexe/index.d.ts'
[13:25:52.988] Adding entry into typings cache: 'isomorphic-fetch' => '/home/xiuxiu/.cache/typescript/4.3/node_modules/@types/isomorphic-fetch/index.d.ts'
[13:25:52.989] Adding entry into typings cache: 'isstream' => '/home/xiuxiu/.cache/typescript/4.3/node_modules/@types/isstream/index.d.ts'
[13:25:52.989] Adding entry into typings cache: 'istanbul-lib-coverage' => '/home/xiuxiu/.cache/typescript/4.3/node_modules/@types/istanbul-lib-coverage/index.d.ts'
[13:25:52.990] Adding entry into typings cache: 'istanbul-lib-instrument' => '/home/xiuxiu/.cache/typescript/4.3/node_modules/@types/istanbul-lib-instrument/index.d.ts'
[13:25:52.991] Adding entry into typings cache: 'istanbul-lib-report' => '/home/xiuxiu/.cache/typescript/4.3/node_modules/@types/istanbul-lib-report/index.d.ts'
[13:25:52.991] Adding entry into typings cache: 'istanbul-lib-source-maps' => '/home/xiuxiu/.cache/typescript/4.3/node_modules/@types/istanbul-lib-source-maps/index.d.ts'
[13:25:52.992] Adding entry into typings cache: 'istanbul-reports' => '/home/xiuxiu/.cache/typescript/4.3/node_modules/@types/istanbul-reports/index.d.ts'
[13:25:52.993] Adding entry into typings cache: 'jake' => '/home/xiuxiu/.cache/typescript/4.3/node_modules/@types/jake/index.d.ts'
[13:25:52.993] Adding entry into typings cache: 'js-base64' => '/home/xiuxiu/.cache/typescript/4.3/node_modules/@types/js-base64/index.d.ts'
[13:25:52.994] Adding entry into typings cache: 'js-yaml' => '/home/xiuxiu/.cache/typescript/4.3/node_modules/@types/js-yaml/index.d.ts'
[13:25:52.995] Adding entry into typings cache: 'jsbn' => '/home/xiuxiu/.cache/typescript/4.3/node_modules/@types/jsbn/index.d.ts'
[13:25:52.995] Adding entry into typings cache: 'jsdom' => '/home/xiuxiu/.cache/typescript/4.3/node_modules/@types/jsdom/index.d.ts'
[13:25:52.996] Adding entry into typings cache: 'jsesc' => '/home/xiuxiu/.cache/typescript/4.3/node_modules/@types/jsesc/index.d.ts'
[13:25:52.996] Adding entry into typings cache: 'json-buffer' => '/home/xiuxiu/.cache/typescript/4.3/node_modules/@types/json-buffer/index.d.ts'
[13:25:52.997] Adding entry into typings cache: 'json-parse-better-errors' => '/home/xiuxiu/.cache/typescript/4.3/node_modules/@types/json-parse-better-errors/index.d.ts'
[13:25:52.998] Adding entry into typings cache: 'json-schema' => '/home/xiuxiu/.cache/typescript/4.3/node_modules/@types/json-schema/index.d.ts'
[13:25:52.998] Adding entry into typings cache: 'json-stable-stringify' => '/home/xiuxiu/.cache/typescript/4.3/node_modules/@types/json-stable-stringify/index.d.ts'
[13:25:52.999] Adding entry into typings cache: 'json-stringify-safe' => '/home/xiuxiu/.cache/typescript/4.3/node_modules/@types/json-stringify-safe/index.d.ts'
[13:25:53.000] Adding entry into typings cache: 'json3' => '/home/xiuxiu/.cache/typescript/4.3/node_modules/@types/json3/index.d.ts'
[13:25:53.000] Adding entry into typings cache: 'jsonfile' => '/home/xiuxiu/.cache/typescript/4.3/node_modules/@types/jsonfile/index.d.ts'
[13:25:53.001] Adding entry into typings cache: 'keyv' => '/home/xiuxiu/.cache/typescript/4.3/node_modules/@types/keyv/index.d.ts'
[13:25:53.002] Adding entry into typings cache: 'kind-of' => '/home/xiuxiu/.cache/typescript/4.3/node_modules/@types/kind-of/index.d.ts'
[13:25:53.002] Adding entry into typings cache: 'language-tags' => '/home/xiuxiu/.cache/typescript/4.3/node_modules/@types/language-tags/index.d.ts'
[13:25:53.003] Adding entry into typings cache: 'line-column' => '/home/xiuxiu/.cache/typescript/4.3/node_modules/@types/line-column/index.d.ts'
[13:25:53.005] Adding entry into typings cache: 'loader-runner' => '/home/xiuxiu/.cache/typescript/4.3/node_modules/@types/loader-runner/index.d.ts'
[13:25:53.005] Adding entry into typings cache: 'loader-utils' => '/home/xiuxiu/.cache/typescript/4.3/node_modules/@types/loader-utils/index.d.ts'
[13:25:53.007] Adding entry into typings cache: 'lodash' => '/home/xiuxiu/.cache/typescript/4.3/node_modules/@types/lodash/index.d.ts'
[13:25:53.008] Adding entry into typings cache: 'lodash.memoize' => '/home/xiuxiu/.cache/typescript/4.3/node_modules/@types/lodash.memoize/index.d.ts'
[13:25:53.008] Adding entry into typings cache: 'lodash.mergewith' => '/home/xiuxiu/.cache/typescript/4.3/node_modules/@types/lodash.mergewith/index.d.ts'
[13:25:53.009] Adding entry into typings cache: 'lodash.padend' => '/home/xiuxiu/.cache/typescript/4.3/node_modules/@types/lodash.padend/index.d.ts'
[13:25:53.009] Adding entry into typings cache: 'lodash.sortby' => '/home/xiuxiu/.cache/typescript/4.3/node_modules/@types/lodash.sortby/index.d.ts'
[13:25:53.010] Adding entry into typings cache: 'lodash.template' => '/home/xiuxiu/.cache/typescript/4.3/node_modules/@types/lodash.template/index.d.ts'
[13:25:53.010] Adding entry into typings cache: 'lodash.toarray' => '/home/xiuxiu/.cache/typescript/4.3/node_modules/@types/lodash.toarray/index.d.ts'
[13:25:53.011] Adding entry into typings cache: 'lodash.topath' => '/home/xiuxiu/.cache/typescript/4.3/node_modules/@types/lodash.topath/index.d.ts'
[13:25:53.011] Adding entry into typings cache: 'lodash.uniq' => '/home/xiuxiu/.cache/typescript/4.3/node_modules/@types/lodash.uniq/index.d.ts'
[13:25:53.012] Adding entry into typings cache: 'lru-cache' => '/home/xiuxiu/.cache/typescript/4.3/node_modules/@types/lru-cache/index.d.ts'
[13:25:53.013] Adding entry into typings cache: 'lz-string' => '/home/xiuxiu/.cache/typescript/4.3/node_modules/@types/lz-string/index.d.ts'
[13:25:53.013] Adding entry into typings cache: 'media-typer' => '/home/xiuxiu/.cache/typescript/4.3/node_modules/@types/media-typer/index.d.ts'
[13:25:53.014] Adding entry into typings cache: 'memory-fs' => '/home/xiuxiu/.cache/typescript/4.3/node_modules/@types/memory-fs/index.d.ts'
[13:25:53.014] Adding entry into typings cache: 'merge-descriptors' => '/home/xiuxiu/.cache/typescript/4.3/node_modules/@types/merge-descriptors/index.d.ts'
[13:25:53.015] Adding entry into typings cache: 'merge-stream' => '/home/xiuxiu/.cache/typescript/4.3/node_modules/@types/merge-stream/index.d.ts'
[13:25:53.017] Adding entry into typings cache: 'merge2' => '/home/xiuxiu/.cache/typescript/4.3/node_modules/@types/merge2/index.d.ts'
[13:25:53.017] Adding entry into typings cache: 'methods' => '/home/xiuxiu/.cache/typescript/4.3/node_modules/@types/methods/index.d.ts'
[13:25:53.019] Adding entry into typings cache: 'micromatch' => '/home/xiuxiu/.cache/typescript/4.3/node_modules/@types/micromatch/index.d.ts'
[13:25:53.019] Adding entry into typings cache: 'mime' => '/home/xiuxiu/.cache/typescript/4.3/node_modules/@types/mime/index.d.ts'
[13:25:53.021] Adding entry into typings cache: 'mime-db' => '/home/xiuxiu/.cache/typescript/4.3/node_modules/@types/mime-db/index.d.ts'
[13:25:53.022] Adding entry into typings cache: 'mime-types' => '/home/xiuxiu/.cache/typescript/4.3/node_modules/@types/mime-types/index.d.ts'
[13:25:53.022] Adding entry into typings cache: 'min-document' => '/home/xiuxiu/.cache/typescript/4.3/node_modules/@types/min-document/index.d.ts'
[13:25:53.023] Adding entry into typings cache: 'min-indent' => '/home/xiuxiu/.cache/typescript/4.3/node_modules/@types/min-indent/index.d.ts'
[13:25:53.023] Adding entry into typings cache: 'mini-css-extract-plugin' => '/home/xiuxiu/.cache/typescript/4.3/node_modules/@types/mini-css-extract-plugin/index.d.ts'
[13:25:53.024] Adding entry into typings cache: 'minimalistic-assert' => '/home/xiuxiu/.cache/typescript/4.3/node_modules/@types/minimalistic-assert/index.d.ts'
[13:25:53.024] Adding entry into typings cache: 'minimatch' => '/home/xiuxiu/.cache/typescript/4.3/node_modules/@types/minimatch/index.d.ts'
[13:25:53.025] Adding entry into typings cache: 'minimist' => '/home/xiuxiu/.cache/typescript/4.3/node_modules/@types/minimist/index.d.ts'
[13:25:53.025] Adding entry into typings cache: 'minipass' => '/home/xiuxiu/.cache/typescript/4.3/node_modules/@types/minipass/index.d.ts'
[13:25:53.026] Adding entry into typings cache: 'minizlib' => '/home/xiuxiu/.cache/typescript/4.3/node_modules/@types/minizlib/index.d.ts'
[13:25:53.026] Adding entry into typings cache: 'mkdirp' => '/home/xiuxiu/.cache/typescript/4.3/node_modules/@types/mkdirp/index.d.ts'
[13:25:53.027] Adding entry into typings cache: 'move-concurrently' => '/home/xiuxiu/.cache/typescript/4.3/node_modules/@types/move-concurrently/index.d.ts'
[13:25:53.028] Adding entry into typings cache: 'ms' => '/home/xiuxiu/.cache/typescript/4.3/node_modules/@types/ms/index.d.ts'
[13:25:53.028] Adding entry into typings cache: 'natural-compare' => '/home/xiuxiu/.cache/typescript/4.3/node_modules/@types/natural-compare/index.d.ts'
[13:25:53.029] Adding entry into typings cache: 'negotiator' => '/home/xiuxiu/.cache/typescript/4.3/node_modules/@types/negotiator/index.d.ts'
[13:25:53.029] Adding entry into typings cache: 'next-tick' => '/home/xiuxiu/.cache/typescript/4.3/node_modules/@types/next-tick/index.d.ts'
[13:25:53.030] Adding entry into typings cache: 'nice-try' => '/home/xiuxiu/.cache/typescript/4.3/node_modules/@types/nice-try/index.d.ts'
[13:25:53.032] Adding entry into typings cache: 'node' => '/home/xiuxiu/.cache/typescript/4.3/node_modules/@types/node/index.d.ts'
[13:25:53.032] Adding entry into typings cache: 'node-emoji' => '/home/xiuxiu/.cache/typescript/4.3/node_modules/@types/node-emoji/index.d.ts'
[13:25:53.034] Adding entry into typings cache: 'node-fetch' => '/home/xiuxiu/.cache/typescript/4.3/node_modules/@types/node-fetch/index.d.ts'
[13:25:53.034] Adding entry into typings cache: 'node-forge' => '/home/xiuxiu/.cache/typescript/4.3/node_modules/@types/node-forge/index.d.ts'
[13:25:53.035] Adding entry into typings cache: 'node-int64' => '/home/xiuxiu/.cache/typescript/4.3/node_modules/@types/node-int64/index.d.ts'
[13:25:53.036] Adding entry into typings cache: 'node-notifier' => '/home/xiuxiu/.cache/typescript/4.3/node_modules/@types/node-notifier/index.d.ts'
[13:25:53.036] Adding entry into typings cache: 'nodemon' => '/home/xiuxiu/.cache/typescript/4.3/node_modules/@types/nodemon/index.d.ts'
[13:25:53.037] Adding entry into typings cache: 'nopt' => '/home/xiuxiu/.cache/typescript/4.3/node_modules/@types/nopt/index.d.ts'
[13:25:53.038] Adding entry into typings cache: 'normalize-package-data' => '/home/xiuxiu/.cache/typescript/4.3/node_modules/@types/normalize-package-data/index.d.ts'
[13:25:53.039] Adding entry into typings cache: 'normalize-path' => '/home/xiuxiu/.cache/typescript/4.3/node_modules/@types/normalize-path/index.d.ts'
[13:25:53.039] Adding entry into typings cache: 'num2fraction' => '/home/xiuxiu/.cache/typescript/4.3/node_modules/@types/num2fraction/index.d.ts'
[13:25:53.040] Adding entry into typings cache: 'number-is-nan' => '/home/xiuxiu/.cache/typescript/4.3/node_modules/@types/number-is-nan/index.d.ts'
[13:25:53.040] Adding entry into typings cache: 'nwsapi' => '/home/xiuxiu/.cache/typescript/4.3/node_modules/@types/nwsapi/index.d.ts'
[13:25:53.041] Adding entry into typings cache: 'object-assign' => '/home/xiuxiu/.cache/typescript/4.3/node_modules/@types/object-assign/index.d.ts'
[13:25:53.041] Adding entry into typings cache: 'object-hash' => '/home/xiuxiu/.cache/typescript/4.3/node_modules/@types/object-hash/index.d.ts'
[13:25:53.042] Adding entry into typings cache: 'object-inspect' => '/home/xiuxiu/.cache/typescript/4.3/node_modules/@types/object-inspect/index.d.ts'
[13:25:53.043] Adding entry into typings cache: 'object-keys' => '/home/xiuxiu/.cache/typescript/4.3/node_modules/@types/object-keys/index.d.ts'
[13:25:53.043] Adding entry into typings cache: 'object.fromentries' => '/home/xiuxiu/.cache/typescript/4.3/node_modules/@types/object.fromentries/index.d.ts'
[13:25:53.044] Adding entry into typings cache: 'object.getownpropertydescriptors' => '/home/xiuxiu/.cache/typescript/4.3/node_modules/@types/object.getownpropertydescriptors/index.d.ts'
[13:25:53.045] Adding entry into typings cache: 'object.pick' => '/home/xiuxiu/.cache/typescript/4.3/node_modules/@types/object.pick/index.d.ts'
[13:25:53.046] Adding entry into typings cache: 'on-finished' => '/home/xiuxiu/.cache/typescript/4.3/node_modules/@types/on-finished/index.d.ts'
[13:25:53.046] Adding entry into typings cache: 'on-headers' => '/home/xiuxiu/.cache/typescript/4.3/node_modules/@types/on-headers/index.d.ts'
[13:25:53.047] Adding entry into typings cache: 'once' => '/home/xiuxiu/.cache/typescript/4.3/node_modules/@types/once/index.d.ts'
[13:25:53.047] Adding entry into typings cache: 'optimize-css-assets-webpack-plugin' => '/home/xiuxiu/.cache/typescript/4.3/node_modules/@types/optimize-css-assets-webpack-plugin/index.d.ts'
[13:25:53.048] Adding entry into typings cache: 'original' => '/home/xiuxiu/.cache/typescript/4.3/node_modules/@types/original/index.d.ts'
[13:25:53.048] Adding entry into typings cache: 'pako' => '/home/xiuxiu/.cache/typescript/4.3/node_modules/@types/pako/index.d.ts'
[13:25:53.049] Adding entry into typings cache: 'parallel-transform' => '/home/xiuxiu/.cache/typescript/4.3/node_modules/@types/parallel-transform/index.d.ts'
[13:25:53.049] Adding entry into typings cache: 'parse-glob' => '/home/xiuxiu/.cache/typescript/4.3/node_modules/@types/parse-glob/index.d.ts'
[13:25:53.051] Adding entry into typings cache: 'parse-json' => '/home/xiuxiu/.cache/typescript/4.3/node_modules/@types/parse-json/index.d.ts'
[13:25:53.052] Adding entry into typings cache: 'parse5' => '/home/xiuxiu/.cache/typescript/4.3/node_modules/@types/parse5/index.d.ts'
[13:25:53.053] Adding entry into typings cache: 'parseurl' => '/home/xiuxiu/.cache/typescript/4.3/node_modules/@types/parseurl/index.d.ts'
[13:25:53.054] Adding entry into typings cache: 'pascalcase' => '/home/xiuxiu/.cache/typescript/4.3/node_modules/@types/pascalcase/index.d.ts'
[13:25:53.055] Adding entry into typings cache: 'path-is-absolute' => '/home/xiuxiu/.cache/typescript/4.3/node_modules/@types/path-is-absolute/index.d.ts'
[13:25:53.055] Adding entry into typings cache: 'path-is-inside' => '/home/xiuxiu/.cache/typescript/4.3/node_modules/@types/path-is-inside/index.d.ts'
[13:25:53.055] Adding entry into typings cache: 'path-parse' => '/home/xiuxiu/.cache/typescript/4.3/node_modules/@types/path-parse/index.d.ts'
[13:25:53.056] Adding entry into typings cache: 'pbkdf2' => '/home/xiuxiu/.cache/typescript/4.3/node_modules/@types/pbkdf2/index.d.ts'
[13:25:53.057] Adding entry into typings cache: 'picomatch' => '/home/xiuxiu/.cache/typescript/4.3/node_modules/@types/picomatch/index.d.ts'
[13:25:53.058] Adding entry into typings cache: 'pify' => '/home/xiuxiu/.cache/typescript/4.3/node_modules/@types/pify/index.d.ts'
[13:25:53.059] Adding entry into typings cache: 'platform' => '/home/xiuxiu/.cache/typescript/4.3/node_modules/@types/platform/index.d.ts'
[13:25:53.060] Adding entry into typings cache: 'pluralize' => '/home/xiuxiu/.cache/typescript/4.3/node_modules/@types/pluralize/index.d.ts'
[13:25:53.060] Adding entry into typings cache: 'postcss-calc' => '/home/xiuxiu/.cache/typescript/4.3/node_modules/@types/postcss-calc/index.d.ts'
[13:25:53.061] Adding entry into typings cache: 'postcss-custom-properties' => '/home/xiuxiu/.cache/typescript/4.3/node_modules/@types/postcss-custom-properties/index.d.ts'
[13:25:53.061] Adding entry into typings cache: 'postcss-flexbugs-fixes' => '/home/xiuxiu/.cache/typescript/4.3/node_modules/@types/postcss-flexbugs-fixes/index.d.ts'
[13:25:53.062] Adding entry into typings cache: 'postcss-focus-within' => '/home/xiuxiu/.cache/typescript/4.3/node_modules/@types/postcss-focus-within/index.d.ts'
[13:25:53.062] Adding entry into typings cache: 'postcss-gap-properties' => '/home/xiuxiu/.cache/typescript/4.3/node_modules/@types/postcss-gap-properties/index.d.ts'
[13:25:53.063] Adding entry into typings cache: 'postcss-load-config' => '/home/xiuxiu/.cache/typescript/4.3/node_modules/@types/postcss-load-config/index.d.ts'
[13:25:53.063] Adding entry into typings cache: 'postcss-modules-extract-imports' => '/home/xiuxiu/.cache/typescript/4.3/node_modules/@types/postcss-modules-extract-imports/index.d.ts'
[13:25:53.064] Adding entry into typings cache: 'postcss-modules-local-by-default' => '/home/xiuxiu/.cache/typescript/4.3/node_modules/@types/postcss-modules-local-by-default/index.d.ts'
[13:25:53.065] Adding entry into typings cache: 'postcss-modules-scope' => '/home/xiuxiu/.cache/typescript/4.3/node_modules/@types/postcss-modules-scope/index.d.ts'
[13:25:53.065] Adding entry into typings cache: 'postcss-modules-values' => '/home/xiuxiu/.cache/typescript/4.3/node_modules/@types/postcss-modules-values/index.d.ts'
[13:25:53.066] Adding entry into typings cache: 'postcss-normalize' => '/home/xiuxiu/.cache/typescript/4.3/node_modules/@types/postcss-normalize/index.d.ts'
[13:25:53.066] Adding entry into typings cache: 'postcss-preset-env' => '/home/xiuxiu/.cache/typescript/4.3/node_modules/@types/postcss-preset-env/index.d.ts'
[13:25:53.067] Adding entry into typings cache: 'postcss-safe-parser' => '/home/xiuxiu/.cache/typescript/4.3/node_modules/@types/postcss-safe-parser/index.d.ts'
[13:25:53.067] Adding entry into typings cache: 'prelude-ls' => '/home/xiuxiu/.cache/typescript/4.3/node_modules/@types/prelude-ls/index.d.ts'
[13:25:53.068] Adding entry into typings cache: 'pretty-hrtime' => '/home/xiuxiu/.cache/typescript/4.3/node_modules/@types/pretty-hrtime/index.d.ts'
[13:25:53.068] Adding entry into typings cache: 'progress' => '/home/xiuxiu/.cache/typescript/4.3/node_modules/@types/progress/index.d.ts'
[13:25:53.069] Adding entry into typings cache: 'promise-inflight' => '/home/xiuxiu/.cache/typescript/4.3/node_modules/@types/promise-inflight/index.d.ts'
[13:25:53.069] Adding entry into typings cache: 'prompts' => '/home/xiuxiu/.cache/typescript/4.3/node_modules/@types/prompts/index.d.ts'
[13:25:53.070] Adding entry into typings cache: 'prop-types' => '/home/xiuxiu/.cache/typescript/4.3/node_modules/@types/prop-types/index.d.ts'
[13:25:53.071] Adding entry into typings cache: 'proxy-addr' => '/home/xiuxiu/.cache/typescript/4.3/node_modules/@types/proxy-addr/index.d.ts'
[13:25:53.071] Adding entry into typings cache: 'psl' => '/home/xiuxiu/.cache/typescript/4.3/node_modules/@types/psl/index.d.ts'
[13:25:53.072] Adding entry into typings cache: 'pump' => '/home/xiuxiu/.cache/typescript/4.3/node_modules/@types/pump/index.d.ts'
[13:25:53.072] Adding entry into typings cache: 'pumpify' => '/home/xiuxiu/.cache/typescript/4.3/node_modules/@types/pumpify/index.d.ts'
[13:25:53.074] Adding entry into typings cache: 'punycode' => '/home/xiuxiu/.cache/typescript/4.3/node_modules/@types/punycode/index.d.ts'
[13:25:53.074] Adding entry into typings cache: 'q' => '/home/xiuxiu/.cache/typescript/4.3/node_modules/@types/q/index.d.ts'
[13:25:53.075] Adding entry into typings cache: 'qs' => '/home/xiuxiu/.cache/typescript/4.3/node_modules/@types/qs/index.d.ts'
[13:25:53.075] Adding entry into typings cache: 'querystringify' => '/home/xiuxiu/.cache/typescript/4.3/node_modules/@types/querystringify/index.d.ts'
[13:25:53.076] Adding entry into typings cache: 'raf' => '/home/xiuxiu/.cache/typescript/4.3/node_modules/@types/raf/index.d.ts'
[13:25:53.077] Adding entry into typings cache: 'randombytes' => '/home/xiuxiu/.cache/typescript/4.3/node_modules/@types/randombytes/index.d.ts'
[13:25:53.077] Adding entry into typings cache: 'range-parser' => '/home/xiuxiu/.cache/typescript/4.3/node_modules/@types/range-parser/index.d.ts'
[13:25:53.078] Adding entry into typings cache: 'rc' => '/home/xiuxiu/.cache/typescript/4.3/node_modules/@types/rc/index.d.ts'
[13:25:53.079] Adding entry into typings cache: 'react' => '/home/xiuxiu/.cache/typescript/4.3/node_modules/@types/react/index.d.ts'
[13:25:53.080] Adding entry into typings cache: 'react-dev-utils' => '/home/xiuxiu/.cache/typescript/4.3/node_modules/@types/react-dev-utils/index.d.ts'
[13:25:53.080] Adding entry into typings cache: 'react-dom' => '/home/xiuxiu/.cache/typescript/4.3/node_modules/@types/react-dom/index.d.ts'
[13:25:53.081] Adding entry into typings cache: 'react-is' => '/home/xiuxiu/.cache/typescript/4.3/node_modules/@types/react-is/index.d.ts'
[13:25:53.082] Adding entry into typings cache: 'react-router' => '/home/xiuxiu/.cache/typescript/4.3/node_modules/@types/react-router/index.d.ts'
[13:25:53.082] Adding entry into typings cache: 'react-router-dom' => '/home/xiuxiu/.cache/typescript/4.3/node_modules/@types/react-router-dom/index.d.ts'
[13:25:53.083] Adding entry into typings cache: 'react-transition-group' => '/home/xiuxiu/.cache/typescript/4.3/node_modules/@types/react-transition-group/index.d.ts'
[13:25:53.087] Adding entry into typings cache: 'readable-stream' => '/home/xiuxiu/.cache/typescript/4.3/node_modules/@types/readable-stream/index.d.ts'
[13:25:53.087] Adding entry into typings cache: 'recursive-readdir' => '/home/xiuxiu/.cache/typescript/4.3/node_modules/@types/recursive-readdir/index.d.ts'
[13:25:53.088] Adding entry into typings cache: 'regenerate' => '/home/xiuxiu/.cache/typescript/4.3/node_modules/@types/regenerate/index.d.ts'
[13:25:53.089] Adding entry into typings cache: 'regenerator-runtime' => '/home/xiuxiu/.cache/typescript/4.3/node_modules/@types/regenerator-runtime/index.d.ts'
[13:25:53.089] Adding entry into typings cache: 'registry-auth-token' => '/home/xiuxiu/.cache/typescript/4.3/node_modules/@types/registry-auth-token/index.d.ts'
[13:25:53.090] Adding entry into typings cache: 'relateurl' => '/home/xiuxiu/.cache/typescript/4.3/node_modules/@types/relateurl/index.d.ts'
[13:25:53.092] Adding entry into typings cache: 'repeat-element' => '/home/xiuxiu/.cache/typescript/4.3/node_modules/@types/repeat-element/index.d.ts'
[13:25:53.093] Adding entry into typings cache: 'repeat-string' => '/home/xiuxiu/.cache/typescript/4.3/node_modules/@types/repeat-string/index.d.ts'
[13:25:53.093] Adding entry into typings cache: 'request' => '/home/xiuxiu/.cache/typescript/4.3/node_modules/@types/request/index.d.ts'
[13:25:53.094] Adding entry into typings cache: 'request-promise-native' => '/home/xiuxiu/.cache/typescript/4.3/node_modules/@types/request-promise-native/index.d.ts'
[13:25:53.094] Adding entry into typings cache: 'require-directory' => '/home/xiuxiu/.cache/typescript/4.3/node_modules/@types/require-directory/index.d.ts'
[13:25:53.095] Adding entry into typings cache: 'require-from-string' => '/home/xiuxiu/.cache/typescript/4.3/node_modules/@types/require-from-string/index.d.ts'
[13:25:53.096] Adding entry into typings cache: 'requires-port' => '/home/xiuxiu/.cache/typescript/4.3/node_modules/@types/requires-port/index.d.ts'
[13:25:53.097] Adding entry into typings cache: 'resolve' => '/home/xiuxiu/.cache/typescript/4.3/node_modules/@types/resolve/index.d.ts'
[13:25:53.097] Adding entry into typings cache: 'responselike' => '/home/xiuxiu/.cache/typescript/4.3/node_modules/@types/responselike/index.d.ts'
[13:25:53.098] Adding entry into typings cache: 'retry' => '/home/xiuxiu/.cache/typescript/4.3/node_modules/@types/retry/index.d.ts'
[13:25:53.098] Adding entry into typings cache: 'rimraf' => '/home/xiuxiu/.cache/typescript/4.3/node_modules/@types/rimraf/index.d.ts'
[13:25:53.099] Adding entry into typings cache: 'ripemd160' => '/home/xiuxiu/.cache/typescript/4.3/node_modules/@types/ripemd160/index.d.ts'
[13:25:53.099] Adding entry into typings cache: 'roarr' => '/home/xiuxiu/.cache/typescript/4.3/node_modules/@types/roarr/index.d.ts'
[13:25:53.100] Adding entry into typings cache: 'rsvp' => '/home/xiuxiu/.cache/typescript/4.3/node_modules/@types/rsvp/index.d.ts'
[13:25:53.100] Adding entry into typings cache: 'run-parallel' => '/home/xiuxiu/.cache/typescript/4.3/node_modules/@types/run-parallel/index.d.ts'
[13:25:53.101] Adding entry into typings cache: 'safe-regex' => '/home/xiuxiu/.cache/typescript/4.3/node_modules/@types/safe-regex/index.d.ts'
[13:25:53.102] Adding entry into typings cache: 'safer-buffer' => '/home/xiuxiu/.cache/typescript/4.3/node_modules/@types/safer-buffer/index.d.ts'
[13:25:53.102] Adding entry into typings cache: 'sane' => '/home/xiuxiu/.cache/typescript/4.3/node_modules/@types/sane/index.d.ts'
[13:25:53.103] Adding entry into typings cache: 'sass-loader' => '/home/xiuxiu/.cache/typescript/4.3/node_modules/@types/sass-loader/index.d.ts'
[13:25:53.103] Adding entry into typings cache: 'sax' => '/home/xiuxiu/.cache/typescript/4.3/node_modules/@types/sax/index.d.ts'
[13:25:53.104] Adding entry into typings cache: 'scheduler' => '/home/xiuxiu/.cache/typescript/4.3/node_modules/@types/scheduler/index.d.ts'
[13:25:53.105] Adding entry into typings cache: 'semver' => '/home/xiuxiu/.cache/typescript/4.3/node_modules/@types/semver/index.d.ts'
[13:25:53.105] Adding entry into typings cache: 'semver-compare' => '/home/xiuxiu/.cache/typescript/4.3/node_modules/@types/semver-compare/index.d.ts'
[13:25:53.106] Adding entry into typings cache: 'send' => '/home/xiuxiu/.cache/typescript/4.3/node_modules/@types/send/index.d.ts'
[13:25:53.107] Adding entry into typings cache: 'serialize-javascript' => '/home/xiuxiu/.cache/typescript/4.3/node_modules/@types/serialize-javascript/index.d.ts'
[13:25:53.107] Adding entry into typings cache: 'serve-index' => '/home/xiuxiu/.cache/typescript/4.3/node_modules/@types/serve-index/index.d.ts'
[13:25:53.108] Adding entry into typings cache: 'serve-static' => '/home/xiuxiu/.cache/typescript/4.3/node_modules/@types/serve-static/index.d.ts'
[13:25:53.109] Adding entry into typings cache: 'set-value' => '/home/xiuxiu/.cache/typescript/4.3/node_modules/@types/set-value/index.d.ts'
[13:25:53.110] Adding entry into typings cache: 'setimmediate' => '/home/xiuxiu/.cache/typescript/4.3/node_modules/@types/setimmediate/index.d.ts'
[13:25:53.110] Adding entry into typings cache: 'sha.js' => '/home/xiuxiu/.cache/typescript/4.3/node_modules/@types/sha.js/index.d.ts'
[13:25:53.111] Adding entry into typings cache: 'shebang-command' => '/home/xiuxiu/.cache/typescript/4.3/node_modules/@types/shebang-command/index.d.ts'
[13:25:53.111] Adding entry into typings cache: 'shell-quote' => '/home/xiuxiu/.cache/typescript/4.3/node_modules/@types/shell-quote/index.d.ts'
[13:25:53.112] Adding entry into typings cache: 'signal-exit' => '/home/xiuxiu/.cache/typescript/4.3/node_modules/@types/signal-exit/index.d.ts'
[13:25:53.113] Adding entry into typings cache: 'slice-ansi' => '/home/xiuxiu/.cache/typescript/4.3/node_modules/@types/slice-ansi/index.d.ts'
[13:25:53.113] Adding entry into typings cache: 'sockjs' => '/home/xiuxiu/.cache/typescript/4.3/node_modules/@types/sockjs/index.d.ts'
[13:25:53.114] Adding entry into typings cache: 'sockjs-client' => '/home/xiuxiu/.cache/typescript/4.3/node_modules/@types/sockjs-client/index.d.ts'
[13:25:53.116] Adding entry into typings cache: 'source-list-map' => '/home/xiuxiu/.cache/typescript/4.3/node_modules/@types/source-list-map/index.d.ts'
[13:25:53.117] Adding entry into typings cache: 'source-map-support' => '/home/xiuxiu/.cache/typescript/4.3/node_modules/@types/source-map-support/index.d.ts'
[13:25:53.117] Adding entry into typings cache: 'spdx-correct' => '/home/xiuxiu/.cache/typescript/4.3/node_modules/@types/spdx-correct/index.d.ts'
[13:25:53.118] Adding entry into typings cache: 'spdx-expression-parse' => '/home/xiuxiu/.cache/typescript/4.3/node_modules/@types/spdx-expression-parse/index.d.ts'
[13:25:53.118] Adding entry into typings cache: 'spdy' => '/home/xiuxiu/.cache/typescript/4.3/node_modules/@types/spdy/index.d.ts'
[13:25:53.119] Adding entry into typings cache: 'sprintf' => '/home/xiuxiu/.cache/typescript/4.3/node_modules/@types/sprintf/index.d.ts'
[13:25:53.119] Adding entry into typings cache: 'sprintf-js' => '/home/xiuxiu/.cache/typescript/4.3/node_modules/@types/sprintf-js/index.d.ts'
[13:25:53.120] Adding entry into typings cache: 'sshpk' => '/home/xiuxiu/.cache/typescript/4.3/node_modules/@types/sshpk/index.d.ts'
[13:25:53.120] Adding entry into typings cache: 'ssri' => '/home/xiuxiu/.cache/typescript/4.3/node_modules/@types/ssri/index.d.ts'
[13:25:53.121] Adding entry into typings cache: 'stack-utils' => '/home/xiuxiu/.cache/typescript/4.3/node_modules/@types/stack-utils/index.d.ts'
[13:25:53.122] Adding entry into typings cache: 'static-eval' => '/home/xiuxiu/.cache/typescript/4.3/node_modules/@types/static-eval/index.d.ts'
[13:25:53.122] Adding entry into typings cache: 'statuses' => '/home/xiuxiu/.cache/typescript/4.3/node_modules/@types/statuses/index.d.ts'
[13:25:53.123] Adding entry into typings cache: 'stream-chain' => '/home/xiuxiu/.cache/typescript/4.3/node_modules/@types/stream-chain/index.d.ts'
[13:25:53.123] Adding entry into typings cache: 'stream-each' => '/home/xiuxiu/.cache/typescript/4.3/node_modules/@types/stream-each/index.d.ts'
[13:25:53.124] Adding entry into typings cache: 'stream-json' => '/home/xiuxiu/.cache/typescript/4.3/node_modules/@types/stream-json/index.d.ts'
[13:25:53.125] Adding entry into typings cache: 'stream-shift' => '/home/xiuxiu/.cache/typescript/4.3/node_modules/@types/stream-shift/index.d.ts'
[13:25:53.126] Adding entry into typings cache: 'strict-uri-encode' => '/home/xiuxiu/.cache/typescript/4.3/node_modules/@types/strict-uri-encode/index.d.ts'
[13:25:53.127] Adding entry into typings cache: 'string-hash' => '/home/xiuxiu/.cache/typescript/4.3/node_modules/@types/string-hash/index.d.ts'
[13:25:53.127] Adding entry into typings cache: 'string-natural-compare' => '/home/xiuxiu/.cache/typescript/4.3/node_modules/@types/string-natural-compare/index.d.ts'
[13:25:53.128] Adding entry into typings cache: 'string.prototype.matchall' => '/home/xiuxiu/.cache/typescript/4.3/node_modules/@types/string.prototype.matchall/index.d.ts'
[13:25:53.128] Adding entry into typings cache: 'stringify-object' => '/home/xiuxiu/.cache/typescript/4.3/node_modules/@types/stringify-object/index.d.ts'
[13:25:53.129] Adding entry into typings cache: 'strip-comments' => '/home/xiuxiu/.cache/typescript/4.3/node_modules/@types/strip-comments/index.d.ts'
[13:25:53.129] Adding entry into typings cache: 'strip-final-newline' => '/home/xiuxiu/.cache/typescript/4.3/node_modules/@types/strip-final-newline/index.d.ts'
[13:25:53.131] Adding entry into typings cache: 'styled-jsx' => '/home/xiuxiu/.cache/typescript/4.3/node_modules/@types/styled-jsx/index.d.ts'
[13:25:53.131] Adding entry into typings cache: 'stylis' => '/home/xiuxiu/.cache/typescript/4.3/node_modules/@types/stylis/index.d.ts'
[13:25:53.132] Adding entry into typings cache: 'supports-color' => '/home/xiuxiu/.cache/typescript/4.3/node_modules/@types/supports-color/index.d.ts'
[13:25:53.133] Adding entry into typings cache: 'svg-parser' => '/home/xiuxiu/.cache/typescript/4.3/node_modules/@types/svg-parser/index.d.ts'
[13:25:53.134] Adding entry into typings cache: 'svgo' => '/home/xiuxiu/.cache/typescript/4.3/node_modules/@types/svgo/index.d.ts'
[13:25:53.134] Adding entry into typings cache: 'symbol-tree' => '/home/xiuxiu/.cache/typescript/4.3/node_modules/@types/symbol-tree/index.d.ts'
[13:25:53.135] Adding entry into typings cache: 'table' => '/home/xiuxiu/.cache/typescript/4.3/node_modules/@types/table/index.d.ts'
[13:25:53.135] Adding entry into typings cache: 'tailwindcss' => '/home/xiuxiu/.cache/typescript/4.3/node_modules/@types/tailwindcss/index.d.ts'
[13:25:53.136] Adding entry into typings cache: 'tapable' => '/home/xiuxiu/.cache/typescript/4.3/node_modules/tapable/tapable.d.ts'
[13:25:53.136] Adding entry into typings cache: 'tar' => '/home/xiuxiu/.cache/typescript/4.3/node_modules/@types/tar/index.d.ts'
[13:25:53.138] Adding entry into typings cache: 'terser-webpack-plugin' => '/home/xiuxiu/.cache/typescript/4.3/node_modules/@types/terser-webpack-plugin/index.d.ts'
[13:25:53.138] Adding entry into typings cache: 'testing-library__jest-dom' => '/home/xiuxiu/.cache/typescript/4.3/node_modules/@types/testing-library__jest-dom/index.d.ts'
[13:25:53.139] Adding entry into typings cache: 'text-table' => '/home/xiuxiu/.cache/typescript/4.3/node_modules/@types/text-table/index.d.ts'
[13:25:53.139] Adding entry into typings cache: 'through2' => '/home/xiuxiu/.cache/typescript/4.3/node_modules/@types/through2/index.d.ts'
[13:25:53.140] Adding entry into typings cache: 'timsort' => '/home/xiuxiu/.cache/typescript/4.3/node_modules/@types/timsort/index.d.ts'
[13:25:53.140] Adding entry into typings cache: 'tinycolor2' => '/home/xiuxiu/.cache/typescript/4.3/node_modules/@types/tinycolor2/index.d.ts'
[13:25:53.140] Adding entry into typings cache: 'touch' => '/home/xiuxiu/.cache/typescript/4.3/node_modules/@types/touch/index.d.ts'
[13:25:53.141] Adding entry into typings cache: 'tough-cookie' => '/home/xiuxiu/.cache/typescript/4.3/node_modules/@types/tough-cookie/index.d.ts'
[13:25:53.142] Adding entry into typings cache: 'truncate-utf8-bytes' => '/home/xiuxiu/.cache/typescript/4.3/node_modules/@types/truncate-utf8-bytes/index.d.ts'
[13:25:53.143] Adding entry into typings cache: 'tryer' => '/home/xiuxiu/.cache/typescript/4.3/node_modules/@types/tryer/index.d.ts'
[13:25:53.144] Adding entry into typings cache: 'tunnel' => '/home/xiuxiu/.cache/typescript/4.3/node_modules/@types/tunnel/index.d.ts'
[13:25:53.144] Adding entry into typings cache: 'type-check' => '/home/xiuxiu/.cache/typescript/4.3/node_modules/@types/type-check/index.d.ts'
[13:25:53.145] Adding entry into typings cache: 'type-detect' => '/home/xiuxiu/.cache/typescript/4.3/node_modules/@types/type-detect/index.d.ts'
[13:25:53.145] Adding entry into typings cache: 'type-is' => '/home/xiuxiu/.cache/typescript/4.3/node_modules/@types/type-is/index.d.ts'
[13:25:53.145] Adding entry into typings cache: 'uniq' => '/home/xiuxiu/.cache/typescript/4.3/node_modules/@types/uniq/index.d.ts'
[13:25:53.146] Adding entry into typings cache: 'universalify' => '/home/xiuxiu/.cache/typescript/4.3/node_modules/@types/universalify/index.d.ts'
[13:25:53.147] Adding entry into typings cache: 'update-notifier' => '/home/xiuxiu/.cache/typescript/4.3/node_modules/@types/update-notifier/index.d.ts'
[13:25:53.147] Adding entry into typings cache: 'urijs' => '/home/xiuxiu/.cache/typescript/4.3/node_modules/@types/urijs/index.d.ts'
[13:25:53.148] Adding entry into typings cache: 'urix' => '/home/xiuxiu/.cache/typescript/4.3/node_modules/@types/urix/index.d.ts'
[13:25:53.149] Adding entry into typings cache: 'url-parse' => '/home/xiuxiu/.cache/typescript/4.3/node_modules/@types/url-parse/index.d.ts'
[13:25:53.149] Adding entry into typings cache: 'use-subscription' => '/home/xiuxiu/.cache/typescript/4.3/node_modules/@types/use-subscription/index.d.ts'
[13:25:53.151] Adding entry into typings cache: 'util-deprecate' => '/home/xiuxiu/.cache/typescript/4.3/node_modules/@types/util-deprecate/index.d.ts'
[13:25:53.151] Adding entry into typings cache: 'util.promisify' => '/home/xiuxiu/.cache/typescript/4.3/node_modules/@types/util.promisify/index.d.ts'
[13:25:53.152] Adding entry into typings cache: 'utils-merge' => '/home/xiuxiu/.cache/typescript/4.3/node_modules/@types/utils-merge/index.d.ts'
[13:25:53.152] Adding entry into typings cache: 'uuid' => '/home/xiuxiu/.cache/typescript/4.3/node_modules/@types/uuid/index.d.ts'
[13:25:53.153] Adding entry into typings cache: 'validate-npm-package-license' => '/home/xiuxiu/.cache/typescript/4.3/node_modules/@types/validate-npm-package-license/index.d.ts'
[13:25:53.154] Adding entry into typings cache: 'vary' => '/home/xiuxiu/.cache/typescript/4.3/node_modules/@types/vary/index.d.ts'
[13:25:53.154] Adding entry into typings cache: 'verror' => '/home/xiuxiu/.cache/typescript/4.3/node_modules/@types/verror/index.d.ts'
[13:25:53.155] Adding entry into typings cache: 'w3c-hr-time' => '/home/xiuxiu/.cache/typescript/4.3/node_modules/@types/w3c-hr-time/index.d.ts'
[13:25:53.155] Adding entry into typings cache: 'w3c-xmlserializer' => '/home/xiuxiu/.cache/typescript/4.3/node_modules/@types/w3c-xmlserializer/index.d.ts'
[13:25:53.157] Adding entry into typings cache: 'wait-on' => '/home/xiuxiu/.cache/typescript/4.3/node_modules/@types/wait-on/index.d.ts'
[13:25:53.157] Adding entry into typings cache: 'warning' => '/home/xiuxiu/.cache/typescript/4.3/node_modules/@types/warning/index.d.ts'
[13:25:53.159] Adding entry into typings cache: 'watchpack' => '/home/xiuxiu/.cache/typescript/4.3/node_modules/@types/watchpack/index.d.ts'
[13:25:53.160] Adding entry into typings cache: 'webidl-conversions' => '/home/xiuxiu/.cache/typescript/4.3/node_modules/@types/webidl-conversions/index.d.ts'
[13:25:53.162] Adding entry into typings cache: 'webpack' => '/home/xiuxiu/.cache/typescript/4.3/node_modules/webpack/types.d.ts'
[13:25:53.162] Adding entry into typings cache: 'webpack-dev-middleware' => '/home/xiuxiu/.cache/typescript/4.3/node_modules/@types/webpack-dev-middleware/index.d.ts'
[13:25:53.163] Adding entry into typings cache: 'webpack-dev-server' => '/home/xiuxiu/.cache/typescript/4.3/node_modules/@types/webpack-dev-server/index.d.ts'
[13:25:53.163] Adding entry into typings cache: 'webpack-manifest-plugin' => '/home/xiuxiu/.cache/typescript/4.3/node_modules/@types/webpack-manifest-plugin/index.d.ts'
[13:25:53.165] Adding entry into typings cache: 'webpack-sources' => '/home/xiuxiu/.cache/typescript/4.3/node_modules/@types/webpack-sources/index.d.ts'
[13:25:53.165] Adding entry into typings cache: 'whatwg-encoding' => '/home/xiuxiu/.cache/typescript/4.3/node_modules/@types/whatwg-encoding/index.d.ts'
[13:25:53.166] Adding entry into typings cache: 'whatwg-mimetype' => '/home/xiuxiu/.cache/typescript/4.3/node_modules/@types/whatwg-mimetype/index.d.ts'
[13:25:53.166] Adding entry into typings cache: 'whatwg-url' => '/home/xiuxiu/.cache/typescript/4.3/node_modules/@types/whatwg-url/index.d.ts'
[13:25:53.167] Adding entry into typings cache: 'which' => '/home/xiuxiu/.cache/typescript/4.3/node_modules/@types/which/index.d.ts'
[13:25:53.168] Adding entry into typings cache: 'wordwrap' => '/home/xiuxiu/.cache/typescript/4.3/node_modules/@types/wordwrap/index.d.ts'
[13:25:53.168] Adding entry into typings cache: 'workbox-build' => '/home/xiuxiu/.cache/typescript/4.3/node_modules/@types/workbox-build/index.d.ts'
[13:25:53.169] Adding entry into typings cache: 'workbox-sw' => '/home/xiuxiu/.cache/typescript/4.3/node_modules/@types/workbox-sw/index.d.ts'
[13:25:53.169] Adding entry into typings cache: 'workbox-webpack-plugin' => '/home/xiuxiu/.cache/typescript/4.3/node_modules/@types/workbox-webpack-plugin/index.d.ts'
[13:25:53.170] Adding entry into typings cache: 'wrap-ansi' => '/home/xiuxiu/.cache/typescript/4.3/node_modules/@types/wrap-ansi/index.d.ts'
[13:25:53.170] Adding entry into typings cache: 'write-file-atomic' => '/home/xiuxiu/.cache/typescript/4.3/node_modules/@types/write-file-atomic/index.d.ts'
[13:25:53.171] Adding entry into typings cache: 'ws' => '/home/xiuxiu/.cache/typescript/4.3/node_modules/@types/ws/index.d.ts'
[13:25:53.171] Adding entry into typings cache: 'xtend' => '/home/xiuxiu/.cache/typescript/4.3/node_modules/@types/xtend/index.d.ts'
[13:25:53.171] Adding entry into typings cache: 'y18n' => '/home/xiuxiu/.cache/typescript/4.3/node_modules/@types/y18n/index.d.ts'
[13:25:53.172] Adding entry into typings cache: 'yallist' => '/home/xiuxiu/.cache/typescript/4.3/node_modules/@types/yallist/index.d.ts'
[13:25:53.173] Adding entry into typings cache: 'yargs' => '/home/xiuxiu/.cache/typescript/4.3/node_modules/@types/yargs/index.d.ts'
[13:25:53.173] Adding entry into typings cache: 'yargs-parser' => '/home/xiuxiu/.cache/typescript/4.3/node_modules/@types/yargs-parser/index.d.ts'
[13:25:53.174] Adding entry into typings cache: 'yauzl' => '/home/xiuxiu/.cache/typescript/4.3/node_modules/@types/yauzl/index.d.ts'
[13:25:53.175] Adding entry into typings cache: 'yeast' => '/home/xiuxiu/.cache/typescript/4.3/node_modules/@types/yeast/index.d.ts'
[13:25:53.175] Finished processing cache location '/home/xiuxiu/.cache/typescript/4.3'
[13:25:53.175] Process id: 2408
[13:25:53.175] NPM location: /usr/bin/npm (explicit '--npmLocation' not  provided)
[13:25:53.175] validateDefaultNpmLocation: false
[13:25:53.175] Npm config file: /home/xiuxiu/.cache/typescript/4.3/package.json
[13:25:53.175] Updating types-registry npm package...
[13:25:53.175] Exec: /usr/bin/npm install --ignore-scripts types-registry@latest
[13:25:54.671]     Succeeded. stdout:
    
    up to date, audited 848 packages in 1s

20 packages are looking for funding
  run `npm fund` for details

5 moderate severity vulnerabilities

To address issues that do not require attention, run:
  npm audit fix

To address all issues (including breaking changes), run:
  npm audit fix --force

Run `npm audit` for details.

[13:25:54.672] Updated types-registry npm package
